 Comparison of Evaluated Data (COMPLOT 2013-1)
 -------------------------------------------------------------------------------
 Description of Plotter and Frame Layout
 -------------------------------------------------------------------------------
 Plotter X Dimensions----------     0.0000 to     13.0000
 Plotter Y Dimensions----------     0.0000 to     10.5000
 Plots per Frame (X by Y)------          1 by           1
 Character Size Multiplier-----       2.00
 Plot Orientation-------------- X Horizontal/Y Vertical
 -------------------------------------------------------------------------------
 Data Filenames
 -------------------------------------------------------------------------------
 Data1=../ENDFdata/TENDL2013data/tal2013-n/gxs-709/Mn055g.asc                  
 Data2=../ENDFdata/EAF2010data/eaf2010-n/gendf-709/Mn55g.asc                   
 -------------------------------------------------------------------------------
 Retrieval Criteria------------        MAT
 Grid Type---------------------Tick Marks      
 Border on Plots---------------         No
 Line Thickness----------------          0
 Plot Mode--------------------- Cross Section Plus Cross Section Over Ratio
 Starting Plot Number----------          1
 On Screen Background Color----White
 -------------------------------------------------------------------------------
 Maximum Difference for Plots-- 0.1000D-03 ( 0.1000D-01 %)
 Maximum Ratio on Plots--------   No Limit
 -------------------------------------------------------------------------------
 Data Identifications
 -------------------------------------------------------------------------------
 Data1=TENDL-2013                              
 Data2=EAF-2010                                
 -------------------------------------------------------------------------------
 Request Ranges
 -------------------------------------------------------------------------------
          Mimimum                     Maximum                Identify   Interact
     MAT MF  MT    Energy-eV      MAT MF  MT    Energy-eV    POINTS
 -------------------------------------------------------------------------------
       1  1   1   0.00000+ 0     9999 99 999   3.00000+ 7       No        No
 -------------------------------------------------------------------------------
 No Equivalences
 -------------------------------------------------------------------------------
 ENDF/B Tape Labels
 -------------------------------------------------------------------------------
 Data1= TENDL-2013 gen. purp. file: neutron  + Mn- 55  1.e-5 eV - 200 MeV  99
 Data2= EAF-2010/A n-activation library  1.0e-5 eV - 60 MeV              6000
 -------------------------------------------------------------------------------
 Material    MAT MF  MT Energy Range      Maximum per-cent Differences
                        Minimum  Maximum  Maximum  Negative  Maximum  Positive
                        eV       eV       eV       per-cent  eV       per-cent
 -------------------------------------------------------------------------------
  25-Mn-55  2525  3   1 No Comparable Data
  25-Mn-55  2525  3   2 No Comparable Data
  25-Mn-55  2525  3   3 No Comparable Data
  25-Mn-55  2525  3   4 No Comparable Data
  25-Mn-55  2525  3   5 No Comparable Data
  25-Mn-55  2525  3  11 2.300+ 7 3.000+ 7 2.400+ 7  -93.853* 2.300+ 7 9999.000*
 -------------------------------------------------------------------------------
 WARNING - For Above Comparison Could NOT Define Ratio at ALL Energies.
           Data1 is Zero at     65 Energies where Data2 is NOT Zero.
           First Occurrence at  3.00000+ 7 eV.
 -------------------------------------------------------------------------------
  25-Mn-55  2525  3  16 1.040+ 7 3.000+ 7 1.200+ 7    0.000  1.040+ 7    0.020*
 -------------------------------------------------------------------------------
 WARNING - For Above Comparison Could NOT Define Ratio at ALL Energies.
           Data1 is Zero at     65 Energies where Data2 is NOT Zero.
           First Occurrence at  3.00000+ 7 eV.
 -------------------------------------------------------------------------------
  25-Mn-55  2525  3  17 1.940+ 7 3.000+ 7 1.940+ 7   49.790  2.200+ 7  115.713*
 -------------------------------------------------------------------------------
 WARNING - For Above Comparison Could NOT Define Ratio at ALL Energies.
           Data1 is Zero at     65 Energies where Data2 is NOT Zero.
           First Occurrence at  3.00000+ 7 eV.
 -------------------------------------------------------------------------------
  25-Mn-55  2525  3  22 7.943+ 6 3.000+ 7 1.080+ 7  -48.423* 1.340+ 7  -18.826 
 -------------------------------------------------------------------------------
 WARNING - For Above Comparison Could NOT Define Ratio at ALL Energies.
           Data1 is Zero at     65 Energies where Data2 is NOT Zero.
           First Occurrence at  3.00000+ 7 eV.
 -------------------------------------------------------------------------------
  25-Mn-55  2525  3  24 1.920+ 7 3.000+ 7 1.920+ 7  -98.567* 2.900+ 7   74.515*
 -------------------------------------------------------------------------------
 WARNING - For Above Comparison Could NOT Define Ratio at ALL Energies.
           Data1 is Zero at     65 Energies where Data2 is NOT Zero.
           First Occurrence at  3.00000+ 7 eV.
 -------------------------------------------------------------------------------
  25-Mn-55  2525  3  28 7.943+ 6 3.000+ 7 7.943+ 6  -99.506* 1.800+ 7   28.029*
 -------------------------------------------------------------------------------
 WARNING - For Above Comparison Could NOT Define Ratio at ALL Energies.
           Data1 is Zero at     65 Energies where Data2 is NOT Zero.
           First Occurrence at  3.00000+ 7 eV.
 -------------------------------------------------------------------------------
  25-Mn-55  2525  3  29 1.840+ 7 3.000+ 7 2.300+ 7  -86.988* 2.900+ 7  -20.868 
 -------------------------------------------------------------------------------
 WARNING - For Above Comparison Could NOT Define Ratio at ALL Energies.
           Data1 is Zero at     65 Energies where Data2 is NOT Zero.
           First Occurrence at  3.00000+ 7 eV.
 -------------------------------------------------------------------------------
  25-Mn-55  2525  3  32 1.580+ 7 3.000+ 7 1.680+ 7  -65.016* 1.980+ 7   -8.342 
 -------------------------------------------------------------------------------
 WARNING - For Above Comparison Could NOT Define Ratio at ALL Energies.
           Data1 is Zero at     65 Energies where Data2 is NOT Zero.
           First Occurrence at  3.00000+ 7 eV.
 -------------------------------------------------------------------------------
  25-Mn-55  2525  3  33 1.740+ 7 3.000+ 7 1.880+ 7  -60.623* 1.760+ 7 9999.000*
 -------------------------------------------------------------------------------
 WARNING - For Above Comparison Could NOT Define Ratio at ALL Energies.
           Data1 is Zero at     65 Energies where Data2 is NOT Zero.
           First Occurrence at  3.00000+ 7 eV.
 -------------------------------------------------------------------------------
  25-Mn-55  2525  3  34 2.100+ 7 3.000+ 7 2.100+ 7  -76.655* 2.400+ 7  -58.778 
 -------------------------------------------------------------------------------
 WARNING - For Above Comparison Could NOT Define Ratio at ALL Energies.
           Data1 is Zero at     65 Energies where Data2 is NOT Zero.
           First Occurrence at  3.00000+ 7 eV.
 -------------------------------------------------------------------------------
  25-Mn-55  2525  3  41 1.800+ 7 3.000+ 7 1.880+ 7   16.269  2.300+ 7  178.925*
 -------------------------------------------------------------------------------
 WARNING - For Above Comparison Could NOT Define Ratio at ALL Energies.
           Data1 is Zero at     65 Energies where Data2 is NOT Zero.
           First Occurrence at  3.00000+ 7 eV.
 -------------------------------------------------------------------------------
  25-Mn-55  2525  3  42 2.600+ 7 3.000+ 7 2.600+ 7  -75.916* 2.900+ 7   93.702*
 -------------------------------------------------------------------------------
 WARNING - For Above Comparison Could NOT Define Ratio at ALL Energies.
           Data1 is Zero at     65 Energies where Data2 is NOT Zero.
           First Occurrence at  3.00000+ 7 eV.
 -------------------------------------------------------------------------------
  25-Mn-55  2525  3  44 2.000+ 7 3.000+ 7 2.000+ 7  -99.825* 2.600+ 7  135.525*
 -------------------------------------------------------------------------------
 WARNING - For Above Comparison Could NOT Define Ratio at ALL Energies.
           Data1 is Zero at     65 Energies where Data2 is NOT Zero.
           First Occurrence at  3.00000+ 7 eV.
 -------------------------------------------------------------------------------
  25-Mn-55  2525  3  45 1.620+ 7 3.000+ 7 1.860+ 7  -97.652* 2.800+ 7   26.788*
 -------------------------------------------------------------------------------
 WARNING - For Above Comparison Could NOT Define Ratio at ALL Energies.
           Data1 is Zero at     65 Energies where Data2 is NOT Zero.
           First Occurrence at  3.00000+ 7 eV.
 -------------------------------------------------------------------------------
  25-Mn-55  2525  3  51 No Comparable Data
  25-Mn-55  2525  3  52 No Comparable Data
  25-Mn-55  2525  3  53 No Comparable Data
  25-Mn-55  2525  3  54 No Comparable Data
  25-Mn-55  2525  3  55 No Comparable Data
  25-Mn-55  2525  3  56 No Comparable Data
  25-Mn-55  2525  3  57 No Comparable Data
  25-Mn-55  2525  3  58 No Comparable Data
  25-Mn-55  2525  3  59 No Comparable Data
  25-Mn-55  2525  3  60 No Comparable Data
  25-Mn-55  2525  3  61 No Comparable Data
  25-Mn-55  2525  3  62 No Comparable Data
  25-Mn-55  2525  3  63 No Comparable Data
  25-Mn-55  2525  3  64 No Comparable Data
  25-Mn-55  2525  3  65 No Comparable Data
  25-Mn-55  2525  3  66 No Comparable Data
  25-Mn-55  2525  3  67 No Comparable Data
  25-Mn-55  2525  3  68 No Comparable Data
  25-Mn-55  2525  3  69 No Comparable Data
  25-Mn-55  2525  3  70 No Comparable Data
  25-Mn-55  2525  3  71 No Comparable Data
  25-Mn-55  2525  3  72 No Comparable Data
  25-Mn-55  2525  3  73 No Comparable Data
  25-Mn-55  2525  3  74 No Comparable Data
  25-Mn-55  2525  3  75 No Comparable Data
  25-Mn-55  2525  3  76 No Comparable Data
  25-Mn-55  2525  3  77 No Comparable Data
  25-Mn-55  2525  3  78 No Comparable Data
  25-Mn-55  2525  3  79 No Comparable Data
  25-Mn-55  2525  3  80 No Comparable Data
  25-Mn-55  2525  3  91 No Comparable Data
  25-Mn-55  2525  3 102 1.000- 5 3.000+ 7 1.380+ 4  -79.391* 1.585+ 3  590.583*
 -------------------------------------------------------------------------------
 WARNING - For Above Comparison Could NOT Define Ratio at ALL Energies.
           Data1 is Zero at     65 Energies where Data2 is NOT Zero.
           First Occurrence at  3.00000+ 7 eV.
 -------------------------------------------------------------------------------
  25-Mn-55  2525  3 103 1.820+ 6 3.000+ 7 2.630+ 6  -19.386* 2.089+ 6 9999.000*
 -------------------------------------------------------------------------------
 WARNING - For Above Comparison Could NOT Define Ratio at ALL Energies.
           Data1 is Zero at     65 Energies where Data2 is NOT Zero.
           First Occurrence at  3.00000+ 7 eV.
 -------------------------------------------------------------------------------
  25-Mn-55  2525  3 104 5.754+ 6 3.000+ 7 2.400+ 7  -17.377* 1.120+ 7   34.307*
 -------------------------------------------------------------------------------
 WARNING - For Above Comparison Could NOT Define Ratio at ALL Energies.
           Data1 is Zero at     65 Energies where Data2 is NOT Zero.
           First Occurrence at  3.00000+ 7 eV.
 -------------------------------------------------------------------------------
  25-Mn-55  2525  3 105 9.120+ 6 3.000+ 7 1.140+ 7   -0.698* 1.240+ 7   22.278*
 -------------------------------------------------------------------------------
 WARNING - For Above Comparison Could NOT Define Ratio at ALL Energies.
           Data1 is Zero at     65 Energies where Data2 is NOT Zero.
           First Occurrence at  3.00000+ 7 eV.
 -------------------------------------------------------------------------------
  25-Mn-55  2525  3 106 1.280+ 7 3.000+ 7 1.820+ 7    0.000  1.340+ 7   97.558*
 -------------------------------------------------------------------------------
 WARNING - For Above Comparison Could NOT Define Ratio at ALL Energies.
           Data1 is Zero at     65 Energies where Data2 is NOT Zero.
           First Occurrence at  3.00000+ 7 eV.
 -------------------------------------------------------------------------------
  25-Mn-55  2525  3 107 6.310+ 5 3.000+ 7 3.162+ 6   -7.327* 1.660+ 6 9999.000*
 -------------------------------------------------------------------------------
 WARNING - For Above Comparison Could NOT Define Ratio at ALL Energies.
           Data1 is Zero at     65 Energies where Data2 is NOT Zero.
           First Occurrence at  3.00000+ 7 eV.
 -------------------------------------------------------------------------------
  25-Mn-55  2525  3 108 1.000+ 7 3.000+ 7 1.000+ 7  -93.930* 2.900+ 7  -27.387 
 -------------------------------------------------------------------------------
 WARNING - For Above Comparison Could NOT Define Ratio at ALL Energies.
           Data1 is Zero at     65 Energies where Data2 is NOT Zero.
           First Occurrence at  3.00000+ 7 eV.
 -------------------------------------------------------------------------------
  25-Mn-55  2525  3 111 1.440+ 7 3.000+ 7 1.720+ 7  -93.729* 1.580+ 7 9999.000*
 -------------------------------------------------------------------------------
 WARNING - For Above Comparison Could NOT Define Ratio at ALL Energies.
           Data1 is Zero at     65 Energies where Data2 is NOT Zero.
           First Occurrence at  3.00000+ 7 eV.
 -------------------------------------------------------------------------------
  25-Mn-55  2525  3 112 9.550+ 6 3.000+ 7 1.880+ 7    4.646  2.400+ 7  117.653*
 -------------------------------------------------------------------------------
 WARNING - For Above Comparison Could NOT Define Ratio at ALL Energies.
           Data1 is Zero at     65 Energies where Data2 is NOT Zero.
           First Occurrence at  3.00000+ 7 eV.
 -------------------------------------------------------------------------------
  25-Mn-55  2525  3 115 1.840+ 7 3.000+ 7 1.840+ 7  -84.751* 2.400+ 7   19.078*
 -------------------------------------------------------------------------------
 WARNING - For Above Comparison Could NOT Define Ratio at ALL Energies.
           Data1 is Zero at     65 Energies where Data2 is NOT Zero.
           First Occurrence at  3.00000+ 7 eV.
 -------------------------------------------------------------------------------
  25-Mn-55  2525  3 116 2.000+ 7 3.000+ 7 2.000+ 7  -59.533* 2.900+ 7   29.360*
 -------------------------------------------------------------------------------
 WARNING - For Above Comparison Could NOT Define Ratio at ALL Energies.
           Data1 is Zero at     65 Energies where Data2 is NOT Zero.
           First Occurrence at  3.00000+ 7 eV.
 -------------------------------------------------------------------------------
  25-Mn-55  2525  3 117 1.400+ 7 3.000+ 7 1.680+ 7  -58.223* 2.000+ 7  -41.035 
 -------------------------------------------------------------------------------
 WARNING - For Above Comparison Could NOT Define Ratio at ALL Energies.
           Data1 is Zero at     65 Energies where Data2 is NOT Zero.
           First Occurrence at  3.00000+ 7 eV.
 -------------------------------------------------------------------------------
  25-Mn-55  2525  3 203 No Comparable Data
  25-Mn-55  2525  3 204 No Comparable Data
  25-Mn-55  2525  3 205 No Comparable Data
  25-Mn-55  2525  3 206 No Comparable Data
  25-Mn-55  2525  3 207 No Comparable Data
  25-Mn-55  2525  3 301 No Comparable Data
  25-Mn-55  2525  3 302 No Comparable Data
  25-Mn-55  2525  3 303 No Comparable Data
  25-Mn-55  2525  3 304 No Comparable Data
  25-Mn-55  2525  3 402 No Comparable Data
  25-Mn-55  2525  3 442 No Comparable Data
  25-Mn-55  2525  3 443 No Comparable Data
  25-Mn-55  2525  3 444 No Comparable Data
  25-Mn-55  2525  3 445 No Comparable Data
  25-Mn-55  2525  3 446 No Comparable Data
  25-Mn-55  2525  3 447 No Comparable Data
 -------------------------------------------------------------------------------
       26 Plots Generated
 -------------------------------------------------------------------------------
 * - Indicates Difference Exceeds   0.0100 per-cent
 -------------------------------------------------------------------------------
 per-cent Difference         = 100 * ((Data1-Data2)/Data1)
                               at Each Energy Point
 Maximum per-cent Difference = Largest per-cent Difference at
                               ANY One or More Energy Points
 -------------------------------------------------------------------------------
 ==============================================================================
 COMPLOT  Total Execution Time                0.23 Seconds
 ==============================================================================
