mkdir: created directory '/home/anton/work/gh/r2smesh-at/verification/arb-flux/scr.yes.ln999.linE/r2s.AD4J'
mkdir: created directory '/home/anton/work/gh/r2smesh-at/verification/arb-flux/scr.yes.ln999.linE/r2s.AD4J/r2s_w'
mkdir: created directory '/home/anton/work/gh/r2smesh-at/verification/arb-flux/scr.yes.ln999.linE/r2s.AD4J/r2s_r'
mkdir: created directory '/home/anton/work/gh/r2smesh-at/verification/arb-flux/scr.yes.ln999.linE/r2s.AD4J/r2s_c'
mkdir: created directory '/home/anton/work/gh/r2smesh-at/verification/arb-flux/scr.yes.ln999.linE/r2s.AD4J/r2s_i'
'/home/anton/work/gh/r2smesh-at/verification/arb-flux/cond/arrayx' -> '/home/anton/work/gh/r2smesh-at/verification/arb-flux/scr.yes.ln999.linE/r2s.AD4J/r2s_r/arrayx'
'/home/anton/work/gh/r2smesh-at/verification/arb-flux/cond/arb_flux_energy' -> '/home/anton/work/gh/r2smesh-at/verification/arb-flux/scr.yes.ln999.linE/r2s.AD4J/r2s_w/arb_flux_energy'
'/home/anton/work/gh/r2smesh-at/verification/arb-flux/cond/grpconvert' -> '/home/anton/work/gh/r2smesh-at/verification/arb-flux/scr.yes.ln999.linE/r2s.AD4J/r2s_w/grpconvert'
'/home/anton/fispact-II' -> '/home/anton/work/gh/r2smesh-at/verification/arb-flux/scr.yes.ln999.linE/r2s.AD4J/r2s_r/fispact-data'
'/home/anton/fispact-II/index.html' -> '/home/anton/work/gh/r2smesh-at/verification/arb-flux/scr.yes.ln999.linE/r2s.AD4J/r2s_r/fispact-data/index.html'
'/home/anton/fispact-II/EAF2007data' -> '/home/anton/work/gh/r2smesh-at/verification/arb-flux/scr.yes.ln999.linE/r2s.AD4J/r2s_r/fispact-data/EAF2007data'
'/home/anton/fispact-II/EAF2007data/eaf_spec_pt1_20070' -> '/home/anton/work/gh/r2smesh-at/verification/arb-flux/scr.yes.ln999.linE/r2s.AD4J/r2s_r/fispact-data/EAF2007data/eaf_spec_pt1_20070'
'/home/anton/fispact-II/EAF2007data/eaf_xn_an_20070' -> '/home/anton/work/gh/r2smesh-at/verification/arb-flux/scr.yes.ln999.linE/r2s.AD4J/r2s_r/fispact-data/EAF2007data/eaf_xn_an_20070'
'/home/anton/fispact-II/EAF2007data/eaf_p_fis_20070' -> '/home/anton/work/gh/r2smesh-at/verification/arb-flux/scr.yes.ln999.linE/r2s.AD4J/r2s_r/fispact-data/EAF2007data/eaf_p_fis_20070'
'/home/anton/fispact-II/EAF2007data/eaf_dec_20070.002' -> '/home/anton/work/gh/r2smesh-at/verification/arb-flux/scr.yes.ln999.linE/r2s.AD4J/r2s_r/fispact-data/EAF2007data/eaf_dec_20070.002'
'/home/anton/fispact-II/EAF2007data/eaf_dec_20070.008' -> '/home/anton/work/gh/r2smesh-at/verification/arb-flux/scr.yes.ln999.linE/r2s.AD4J/r2s_r/fispact-data/EAF2007data/eaf_dec_20070.008'
'/home/anton/fispact-II/EAF2007data/eaf_n_gxs_211_flt_20070' -> '/home/anton/work/gh/r2smesh-at/verification/arb-flux/scr.yes.ln999.linE/r2s.AD4J/r2s_r/fispact-data/EAF2007data/eaf_n_gxs_211_flt_20070'
'/home/anton/fispact-II/EAF2007data/eaf_n_gxs_351_flt_20070' -> '/home/anton/work/gh/r2smesh-at/verification/arb-flux/scr.yes.ln999.linE/r2s.AD4J/r2s_r/fispact-data/EAF2007data/eaf_n_gxs_351_flt_20070'
'/home/anton/fispact-II/EAF2007data/eaf_dec_20070.006' -> '/home/anton/work/gh/r2smesh-at/verification/arb-flux/scr.yes.ln999.linE/r2s.AD4J/r2s_r/fispact-data/EAF2007data/eaf_dec_20070.006'
'/home/anton/fispact-II/EAF2007data/eaf_dec_20070.009' -> '/home/anton/work/gh/r2smesh-at/verification/arb-flux/scr.yes.ln999.linE/r2s.AD4J/r2s_r/fispact-data/EAF2007data/eaf_dec_20070.009'
'/home/anton/fispact-II/EAF2007data/eaf_n_gxs_315_flt_20070' -> '/home/anton/work/gh/r2smesh-at/verification/arb-flux/scr.yes.ln999.linE/r2s.AD4J/r2s_r/fispact-data/EAF2007data/eaf_n_gxs_315_flt_20070'
'/home/anton/fispact-II/EAF2007data/eaf_dec_20070.004' -> '/home/anton/work/gh/r2smesh-at/verification/arb-flux/scr.yes.ln999.linE/r2s.AD4J/r2s_r/fispact-data/EAF2007data/eaf_dec_20070.004'
'/home/anton/fispact-II/EAF2007data/eaf_stop_tri_20070' -> '/home/anton/work/gh/r2smesh-at/verification/arb-flux/scr.yes.ln999.linE/r2s.AD4J/r2s_r/fispact-data/EAF2007data/eaf_stop_tri_20070'
'/home/anton/fispact-II/EAF2007data/eaf_dec_20070.007' -> '/home/anton/work/gh/r2smesh-at/verification/arb-flux/scr.yes.ln999.linE/r2s.AD4J/r2s_r/fispact-data/EAF2007data/eaf_dec_20070.007'
'/home/anton/fispact-II/EAF2007data/.directory' -> '/home/anton/work/gh/r2smesh-at/verification/arb-flux/scr.yes.ln999.linE/r2s.AD4J/r2s_r/fispact-data/EAF2007data/.directory'
'/home/anton/fispact-II/EAF2007data/eaf_n_gxs_315_fus_20070' -> '/home/anton/work/gh/r2smesh-at/verification/arb-flux/scr.yes.ln999.linE/r2s.AD4J/r2s_r/fispact-data/EAF2007data/eaf_n_gxs_315_fus_20070'
'/home/anton/fispact-II/EAF2007data/eaf_spec_pt4_20070' -> '/home/anton/work/gh/r2smesh-at/verification/arb-flux/scr.yes.ln999.linE/r2s.AD4J/r2s_r/fispact-data/EAF2007data/eaf_spec_pt4_20070'
'/home/anton/fispact-II/EAF2007data/eaf_p_gxs_211_flt_20070' -> '/home/anton/work/gh/r2smesh-at/verification/arb-flux/scr.yes.ln999.linE/r2s.AD4J/r2s_r/fispact-data/EAF2007data/eaf_p_gxs_211_flt_20070'
'/home/anton/fispact-II/EAF2007data/eaf_d_asscfy_20070' -> '/home/anton/work/gh/r2smesh-at/verification/arb-flux/scr.yes.ln999.linE/r2s.AD4J/r2s_r/fispact-data/EAF2007data/eaf_d_asscfy_20070'
'/home/anton/fispact-II/EAF2007data/eaf_xn_tn_20070' -> '/home/anton/work/gh/r2smesh-at/verification/arb-flux/scr.yes.ln999.linE/r2s.AD4J/r2s_r/fispact-data/EAF2007data/eaf_xn_tn_20070'
'/home/anton/fispact-II/EAF2007data/eaf_dec_20070.003' -> '/home/anton/work/gh/r2smesh-at/verification/arb-flux/scr.yes.ln999.linE/r2s.AD4J/r2s_r/fispact-data/EAF2007data/eaf_dec_20070.003'
'/home/anton/fispact-II/EAF2007data/eaf_xn_t2n_20070' -> '/home/anton/work/gh/r2smesh-at/verification/arb-flux/scr.yes.ln999.linE/r2s.AD4J/r2s_r/fispact-data/EAF2007data/eaf_xn_t2n_20070'
'/home/anton/fispact-II/EAF2007data/eaf_a2_20070' -> '/home/anton/work/gh/r2smesh-at/verification/arb-flux/scr.yes.ln999.linE/r2s.AD4J/r2s_r/fispact-data/EAF2007data/eaf_a2_20070'
'/home/anton/fispact-II/EAF2007data/eaf_abs_20070' -> '/home/anton/work/gh/r2smesh-at/verification/arb-flux/scr.yes.ln999.linE/r2s.AD4J/r2s_r/fispact-data/EAF2007data/eaf_abs_20070'
'/home/anton/fispact-II/EAF2007data/eaf_d_gxs_211_flt_20070' -> '/home/anton/work/gh/r2smesh-at/verification/arb-flux/scr.yes.ln999.linE/r2s.AD4J/r2s_r/fispact-data/EAF2007data/eaf_d_gxs_211_flt_20070'
'/home/anton/fispact-II/EAF2007data/eaf_n_gxs_069_fis_20070' -> '/home/anton/work/gh/r2smesh-at/verification/arb-flux/scr.yes.ln999.linE/r2s.AD4J/r2s_r/fispact-data/EAF2007data/eaf_n_gxs_069_fis_20070'
'/home/anton/fispact-II/EAF2007data/eaf_xn_dn_20070' -> '/home/anton/work/gh/r2smesh-at/verification/arb-flux/scr.yes.ln999.linE/r2s.AD4J/r2s_r/fispact-data/EAF2007data/eaf_xn_dn_20070'
'/home/anton/fispact-II/EAF2007data/eaf_dec_20070.010' -> '/home/anton/work/gh/r2smesh-at/verification/arb-flux/scr.yes.ln999.linE/r2s.AD4J/r2s_r/fispact-data/EAF2007data/eaf_dec_20070.010'
'/home/anton/fispact-II/EAF2007data/eaf_dec_20070.001' -> '/home/anton/work/gh/r2smesh-at/verification/arb-flux/scr.yes.ln999.linE/r2s.AD4J/r2s_r/fispact-data/EAF2007data/eaf_dec_20070.001'
'/home/anton/fispact-II/EAF2007data/eaf_stop_deu_20070' -> '/home/anton/work/gh/r2smesh-at/verification/arb-flux/scr.yes.ln999.linE/r2s.AD4J/r2s_r/fispact-data/EAF2007data/eaf_stop_deu_20070'
'/home/anton/fispact-II/EAF2007data/eaf_n_gxs_175_flt_20070' -> '/home/anton/work/gh/r2smesh-at/verification/arb-flux/scr.yes.ln999.linE/r2s.AD4J/r2s_r/fispact-data/EAF2007data/eaf_n_gxs_175_flt_20070'
'/home/anton/fispact-II/EAF2007data/eaf_n_gxs_172_flt_20070' -> '/home/anton/work/gh/r2smesh-at/verification/arb-flux/scr.yes.ln999.linE/r2s.AD4J/r2s_r/fispact-data/EAF2007data/eaf_n_gxs_172_flt_20070'
'/home/anton/fispact-II/EAF2007data/eaf_spec_pt2_20070' -> '/home/anton/work/gh/r2smesh-at/verification/arb-flux/scr.yes.ln999.linE/r2s.AD4J/r2s_r/fispact-data/EAF2007data/eaf_spec_pt2_20070'
'/home/anton/fispact-II/EAF2007data/eaf_stop_pro_20070' -> '/home/anton/work/gh/r2smesh-at/verification/arb-flux/scr.yes.ln999.linE/r2s.AD4J/r2s_r/fispact-data/EAF2007data/eaf_stop_pro_20070'
'/home/anton/fispact-II/EAF2007data/eaf_xn_h2n_20070' -> '/home/anton/work/gh/r2smesh-at/verification/arb-flux/scr.yes.ln999.linE/r2s.AD4J/r2s_r/fispact-data/EAF2007data/eaf_xn_h2n_20070'
'/home/anton/fispact-II/EAF2007data/eaf_un_20070' -> '/home/anton/work/gh/r2smesh-at/verification/arb-flux/scr.yes.ln999.linE/r2s.AD4J/r2s_r/fispact-data/EAF2007data/eaf_un_20070'
'/home/anton/fispact-II/EAF2007data/eaf_dec_20070.005' -> '/home/anton/work/gh/r2smesh-at/verification/arb-flux/scr.yes.ln999.linE/r2s.AD4J/r2s_r/fispact-data/EAF2007data/eaf_dec_20070.005'
'/home/anton/fispact-II/EAF2007data/eaf_n_gxs_172_fis_20070' -> '/home/anton/work/gh/r2smesh-at/verification/arb-flux/scr.yes.ln999.linE/r2s.AD4J/r2s_r/fispact-data/EAF2007data/eaf_n_gxs_172_fis_20070'
'/home/anton/fispact-II/EAF2007data/eaf_xn_p2n_20070' -> '/home/anton/work/gh/r2smesh-at/verification/arb-flux/scr.yes.ln999.linE/r2s.AD4J/r2s_r/fispact-data/EAF2007data/eaf_xn_p2n_20070'
'/home/anton/fispact-II/EAF2007data/eaf_n_fis_20070' -> '/home/anton/work/gh/r2smesh-at/verification/arb-flux/scr.yes.ln999.linE/r2s.AD4J/r2s_r/fispact-data/EAF2007data/eaf_n_fis_20070'
'/home/anton/fispact-II/EAF2007data/eaf_haz_20070' -> '/home/anton/work/gh/r2smesh-at/verification/arb-flux/scr.yes.ln999.linE/r2s.AD4J/r2s_r/fispact-data/EAF2007data/eaf_haz_20070'
'/home/anton/fispact-II/EAF2007data/eaf_n_gxs_175_fus_20070' -> '/home/anton/work/gh/r2smesh-at/verification/arb-flux/scr.yes.ln999.linE/r2s.AD4J/r2s_r/fispact-data/EAF2007data/eaf_n_gxs_175_fus_20070'
'/home/anton/fispact-II/EAF2007data/eaf_spec_pt3_20070' -> '/home/anton/work/gh/r2smesh-at/verification/arb-flux/scr.yes.ln999.linE/r2s.AD4J/r2s_r/fispact-data/EAF2007data/eaf_spec_pt3_20070'
'/home/anton/fispact-II/EAF2007data/eaf_n_asscfy_20070' -> '/home/anton/work/gh/r2smesh-at/verification/arb-flux/scr.yes.ln999.linE/r2s.AD4J/r2s_r/fispact-data/EAF2007data/eaf_n_asscfy_20070'
'/home/anton/fispact-II/EAF2007data/eaf_spec_pt5_20070' -> '/home/anton/work/gh/r2smesh-at/verification/arb-flux/scr.yes.ln999.linE/r2s.AD4J/r2s_r/fispact-data/EAF2007data/eaf_spec_pt5_20070'
'/home/anton/fispact-II/EAF2007data/eaf_p_asscfy_20070' -> '/home/anton/work/gh/r2smesh-at/verification/arb-flux/scr.yes.ln999.linE/r2s.AD4J/r2s_r/fispact-data/EAF2007data/eaf_p_asscfy_20070'
'/home/anton/fispact-II/EAF2007data/eaf_stop_he3_20070' -> '/home/anton/work/gh/r2smesh-at/verification/arb-flux/scr.yes.ln999.linE/r2s.AD4J/r2s_r/fispact-data/EAF2007data/eaf_stop_he3_20070'
'/home/anton/fispact-II/EAF2007data/eaf_xn_d2n_20070' -> '/home/anton/work/gh/r2smesh-at/verification/arb-flux/scr.yes.ln999.linE/r2s.AD4J/r2s_r/fispact-data/EAF2007data/eaf_xn_d2n_20070'
'/home/anton/fispact-II/EAF2007data/eaf_n_gxs_100_fus_20070' -> '/home/anton/work/gh/r2smesh-at/verification/arb-flux/scr.yes.ln999.linE/r2s.AD4J/r2s_r/fispact-data/EAF2007data/eaf_n_gxs_100_fus_20070'
'/home/anton/fispact-II/EAF2007data/eaf_xn_hn_20070' -> '/home/anton/work/gh/r2smesh-at/verification/arb-flux/scr.yes.ln999.linE/r2s.AD4J/r2s_r/fispact-data/EAF2007data/eaf_xn_hn_20070'
'/home/anton/fispact-II/EAF2007data/eaf_stop_alp_20070' -> '/home/anton/work/gh/r2smesh-at/verification/arb-flux/scr.yes.ln999.linE/r2s.AD4J/r2s_r/fispact-data/EAF2007data/eaf_stop_alp_20070'
'/home/anton/fispact-II/EAF2007data/eaf_index_20070' -> '/home/anton/work/gh/r2smesh-at/verification/arb-flux/scr.yes.ln999.linE/r2s.AD4J/r2s_r/fispact-data/EAF2007data/eaf_index_20070'
'/home/anton/fispact-II/EAF2007data/eaf_n_gxs_315_fis_20070' -> '/home/anton/work/gh/r2smesh-at/verification/arb-flux/scr.yes.ln999.linE/r2s.AD4J/r2s_r/fispact-data/EAF2007data/eaf_n_gxs_315_fis_20070'
'/home/anton/fispact-II/EAF2007data/eaf_clear_20070' -> '/home/anton/work/gh/r2smesh-at/verification/arb-flux/scr.yes.ln999.linE/r2s.AD4J/r2s_r/fispact-data/EAF2007data/eaf_clear_20070'
'/home/anton/fispact-II/EAF2007data/eaf_xn_pn_20070' -> '/home/anton/work/gh/r2smesh-at/verification/arb-flux/scr.yes.ln999.linE/r2s.AD4J/r2s_r/fispact-data/EAF2007data/eaf_xn_pn_20070'
'/home/anton/fispact-II/EAF2007data/eaf_xn_a2n_20070' -> '/home/anton/work/gh/r2smesh-at/verification/arb-flux/scr.yes.ln999.linE/r2s.AD4J/r2s_r/fispact-data/EAF2007data/eaf_xn_a2n_20070'
'/home/anton/fispact-II/EAF2007data/eaf_d_fis_20070' -> '/home/anton/work/gh/r2smesh-at/verification/arb-flux/scr.yes.ln999.linE/r2s.AD4J/r2s_r/fispact-data/EAF2007data/eaf_d_fis_20070'
'/home/anton/fispact-II/EAF2003data' -> '/home/anton/work/gh/r2smesh-at/verification/arb-flux/scr.yes.ln999.linE/r2s.AD4J/r2s_r/fispact-data/EAF2003data'
'/home/anton/fispact-II/EAF2003data/eaf_n_fis_20030' -> '/home/anton/work/gh/r2smesh-at/verification/arb-flux/scr.yes.ln999.linE/r2s.AD4J/r2s_r/fispact-data/EAF2003data/eaf_n_fis_20030'
'/home/anton/fispact-II/EAF2003data/eaf_n_gxs_315_fus_20030' -> '/home/anton/work/gh/r2smesh-at/verification/arb-flux/scr.yes.ln999.linE/r2s.AD4J/r2s_r/fispact-data/EAF2003data/eaf_n_gxs_315_fus_20030'
'/home/anton/fispact-II/EAF2003data/eaf_n_gxs_172_fis_20030' -> '/home/anton/work/gh/r2smesh-at/verification/arb-flux/scr.yes.ln999.linE/r2s.AD4J/r2s_r/fispact-data/EAF2003data/eaf_n_gxs_172_fis_20030'
'/home/anton/fispact-II/EAF2003data/eaf_n_gxs_175_flt_20030' -> '/home/anton/work/gh/r2smesh-at/verification/arb-flux/scr.yes.ln999.linE/r2s.AD4J/r2s_r/fispact-data/EAF2003data/eaf_n_gxs_175_flt_20030'
'/home/anton/fispact-II/EAF2003data/eaf_n_gxs_172_flt_20030' -> '/home/anton/work/gh/r2smesh-at/verification/arb-flux/scr.yes.ln999.linE/r2s.AD4J/r2s_r/fispact-data/EAF2003data/eaf_n_gxs_172_flt_20030'
'/home/anton/fispact-II/EAF2003data/eaf_abs_20030' -> '/home/anton/work/gh/r2smesh-at/verification/arb-flux/scr.yes.ln999.linE/r2s.AD4J/r2s_r/fispact-data/EAF2003data/eaf_abs_20030'
'/home/anton/fispact-II/EAF2003data/eaf_clear_20030' -> '/home/anton/work/gh/r2smesh-at/verification/arb-flux/scr.yes.ln999.linE/r2s.AD4J/r2s_r/fispact-data/EAF2003data/eaf_clear_20030'
'/home/anton/fispact-II/EAF2003data/eaf_haz_20030' -> '/home/anton/work/gh/r2smesh-at/verification/arb-flux/scr.yes.ln999.linE/r2s.AD4J/r2s_r/fispact-data/EAF2003data/eaf_haz_20030'
'/home/anton/fispact-II/EAF2003data/eaf_n_gxs_315_fis_20030' -> '/home/anton/work/gh/r2smesh-at/verification/arb-flux/scr.yes.ln999.linE/r2s.AD4J/r2s_r/fispact-data/EAF2003data/eaf_n_gxs_315_fis_20030'
'/home/anton/fispact-II/EAF2003data/eaf_n_gxs_069_fis_20030' -> '/home/anton/work/gh/r2smesh-at/verification/arb-flux/scr.yes.ln999.linE/r2s.AD4J/r2s_r/fispact-data/EAF2003data/eaf_n_gxs_069_fis_20030'
'/home/anton/fispact-II/EAF2003data/eaf_n_gxs_175_fus_20030' -> '/home/anton/work/gh/r2smesh-at/verification/arb-flux/scr.yes.ln999.linE/r2s.AD4J/r2s_r/fispact-data/EAF2003data/eaf_n_gxs_175_fus_20030'
'/home/anton/fispact-II/EAF2003data/eaf_n_gxs_100_fus_20030' -> '/home/anton/work/gh/r2smesh-at/verification/arb-flux/scr.yes.ln999.linE/r2s.AD4J/r2s_r/fispact-data/EAF2003data/eaf_n_gxs_100_fus_20030'
'/home/anton/fispact-II/EAF2003data/eaf_un_20030' -> '/home/anton/work/gh/r2smesh-at/verification/arb-flux/scr.yes.ln999.linE/r2s.AD4J/r2s_r/fispact-data/EAF2003data/eaf_un_20030'
'/home/anton/fispact-II/EAF2003data/eaf_n_asscfy_20030' -> '/home/anton/work/gh/r2smesh-at/verification/arb-flux/scr.yes.ln999.linE/r2s.AD4J/r2s_r/fispact-data/EAF2003data/eaf_n_asscfy_20030'
'/home/anton/fispact-II/EAF2003data/eaf_a2_20030' -> '/home/anton/work/gh/r2smesh-at/verification/arb-flux/scr.yes.ln999.linE/r2s.AD4J/r2s_r/fispact-data/EAF2003data/eaf_a2_20030'
'/home/anton/fispact-II/EAF2003data/eaf_n_gxs_315_flt_20030' -> '/home/anton/work/gh/r2smesh-at/verification/arb-flux/scr.yes.ln999.linE/r2s.AD4J/r2s_r/fispact-data/EAF2003data/eaf_n_gxs_315_flt_20030'
'/home/anton/fispact-II/EAF2003data/eaf_index_20030' -> '/home/anton/work/gh/r2smesh-at/verification/arb-flux/scr.yes.ln999.linE/r2s.AD4J/r2s_r/fispact-data/EAF2003data/eaf_index_20030'
'/home/anton/fispact-II/fispact-II' -> '/home/anton/work/gh/r2smesh-at/verification/arb-flux/scr.yes.ln999.linE/r2s.AD4J/r2s_r/fispact-data/fispact-II'
'/home/anton/fispact-II/EAF2010data' -> '/home/anton/work/gh/r2smesh-at/verification/arb-flux/scr.yes.ln999.linE/r2s.AD4J/r2s_r/fispact-data/EAF2010data'
'/home/anton/fispact-II/EAF2010data/eaf_dec_20100.001' -> '/home/anton/work/gh/r2smesh-at/verification/arb-flux/scr.yes.ln999.linE/r2s.AD4J/r2s_r/fispact-data/EAF2010data/eaf_dec_20100.001'
'/home/anton/fispact-II/EAF2010data/eaf_n_asscfy_20100' -> '/home/anton/work/gh/r2smesh-at/verification/arb-flux/scr.yes.ln999.linE/r2s.AD4J/r2s_r/fispact-data/EAF2010data/eaf_n_asscfy_20100'
'/home/anton/fispact-II/EAF2010data/eaf_dec_20100.006' -> '/home/anton/work/gh/r2smesh-at/verification/arb-flux/scr.yes.ln999.linE/r2s.AD4J/r2s_r/fispact-data/EAF2010data/eaf_dec_20100.006'
'/home/anton/fispact-II/EAF2010data/.directory' -> '/home/anton/work/gh/r2smesh-at/verification/arb-flux/scr.yes.ln999.linE/r2s.AD4J/r2s_r/fispact-data/EAF2010data/.directory'
'/home/anton/fispact-II/EAF2010data/eaf_n_gxs_315_fus_20100' -> '/home/anton/work/gh/r2smesh-at/verification/arb-flux/scr.yes.ln999.linE/r2s.AD4J/r2s_r/fispact-data/EAF2010data/eaf_n_gxs_315_fus_20100'
'/home/anton/fispact-II/EAF2010data/eaf_d_asscfy_20100' -> '/home/anton/work/gh/r2smesh-at/verification/arb-flux/scr.yes.ln999.linE/r2s.AD4J/r2s_r/fispact-data/EAF2010data/eaf_d_asscfy_20100'
'/home/anton/fispact-II/EAF2010data/eaf_dec_20100.008' -> '/home/anton/work/gh/r2smesh-at/verification/arb-flux/scr.yes.ln999.linE/r2s.AD4J/r2s_r/fispact-data/EAF2010data/eaf_dec_20100.008'
'/home/anton/fispact-II/EAF2010data/eaf_haz_20100' -> '/home/anton/work/gh/r2smesh-at/verification/arb-flux/scr.yes.ln999.linE/r2s.AD4J/r2s_r/fispact-data/EAF2010data/eaf_haz_20100'
'/home/anton/fispact-II/EAF2010data/eaf_dec_20100.007' -> '/home/anton/work/gh/r2smesh-at/verification/arb-flux/scr.yes.ln999.linE/r2s.AD4J/r2s_r/fispact-data/EAF2010data/eaf_dec_20100.007'
'/home/anton/fispact-II/EAF2010data/eaf_dec_20100.010' -> '/home/anton/work/gh/r2smesh-at/verification/arb-flux/scr.yes.ln999.linE/r2s.AD4J/r2s_r/fispact-data/EAF2010data/eaf_dec_20100.010'
'/home/anton/fispact-II/EAF2010data/eaf_a2_20100' -> '/home/anton/work/gh/r2smesh-at/verification/arb-flux/scr.yes.ln999.linE/r2s.AD4J/r2s_r/fispact-data/EAF2010data/eaf_a2_20100'
'/home/anton/fispact-II/EAF2010data/eaf_un_20100' -> '/home/anton/work/gh/r2smesh-at/verification/arb-flux/scr.yes.ln999.linE/r2s.AD4J/r2s_r/fispact-data/EAF2010data/eaf_un_20100'
'/home/anton/fispact-II/EAF2010data/eaf_n_gxs_315_fis_20100' -> '/home/anton/work/gh/r2smesh-at/verification/arb-flux/scr.yes.ln999.linE/r2s.AD4J/r2s_r/fispact-data/EAF2010data/eaf_n_gxs_315_fis_20100'
'/home/anton/fispact-II/EAF2010data/eaf_dec_20100.009' -> '/home/anton/work/gh/r2smesh-at/verification/arb-flux/scr.yes.ln999.linE/r2s.AD4J/r2s_r/fispact-data/EAF2010data/eaf_dec_20100.009'
'/home/anton/fispact-II/EAF2010data/eaf_n_gxs_069_fis_20100' -> '/home/anton/work/gh/r2smesh-at/verification/arb-flux/scr.yes.ln999.linE/r2s.AD4J/r2s_r/fispact-data/EAF2010data/eaf_n_gxs_069_fis_20100'
'/home/anton/fispact-II/EAF2010data/eaf_n_gxs_172_flt_20100' -> '/home/anton/work/gh/r2smesh-at/verification/arb-flux/scr.yes.ln999.linE/r2s.AD4J/r2s_r/fispact-data/EAF2010data/eaf_n_gxs_172_flt_20100'
'/home/anton/fispact-II/EAF2010data/eaf_n_gxs_066_fis_20100' -> '/home/anton/work/gh/r2smesh-at/verification/arb-flux/scr.yes.ln999.linE/r2s.AD4J/r2s_r/fispact-data/EAF2010data/eaf_n_gxs_066_fis_20100'
'/home/anton/fispact-II/EAF2010data/eaf_clear_20100' -> '/home/anton/work/gh/r2smesh-at/verification/arb-flux/scr.yes.ln999.linE/r2s.AD4J/r2s_r/fispact-data/EAF2010data/eaf_clear_20100'
'/home/anton/fispact-II/EAF2010data/eaf_dec_20100.002' -> '/home/anton/work/gh/r2smesh-at/verification/arb-flux/scr.yes.ln999.linE/r2s.AD4J/r2s_r/fispact-data/EAF2010data/eaf_dec_20100.002'
'/home/anton/fispact-II/EAF2010data/eaf_dec_20100.003' -> '/home/anton/work/gh/r2smesh-at/verification/arb-flux/scr.yes.ln999.linE/r2s.AD4J/r2s_r/fispact-data/EAF2010data/eaf_dec_20100.003'
'/home/anton/fispact-II/EAF2010data/eaf_dec_20100.005' -> '/home/anton/work/gh/r2smesh-at/verification/arb-flux/scr.yes.ln999.linE/r2s.AD4J/r2s_r/fispact-data/EAF2010data/eaf_dec_20100.005'
'/home/anton/fispact-II/EAF2010data/eaf_p_asscfy_20100' -> '/home/anton/work/gh/r2smesh-at/verification/arb-flux/scr.yes.ln999.linE/r2s.AD4J/r2s_r/fispact-data/EAF2010data/eaf_p_asscfy_20100'
'/home/anton/fispact-II/EAF2010data/eaf_index_20100' -> '/home/anton/work/gh/r2smesh-at/verification/arb-flux/scr.yes.ln999.linE/r2s.AD4J/r2s_r/fispact-data/EAF2010data/eaf_index_20100'
'/home/anton/fispact-II/EAF2010data/eaf_n_gxs_100_fus_20100' -> '/home/anton/work/gh/r2smesh-at/verification/arb-flux/scr.yes.ln999.linE/r2s.AD4J/r2s_r/fispact-data/EAF2010data/eaf_n_gxs_100_fus_20100'
'/home/anton/fispact-II/EAF2010data/eaf_n_gxs_616_flt_20100' -> '/home/anton/work/gh/r2smesh-at/verification/arb-flux/scr.yes.ln999.linE/r2s.AD4J/r2s_r/fispact-data/EAF2010data/eaf_n_gxs_616_flt_20100'
'/home/anton/fispact-II/EAF2010data/eaf_n_gxs_315_flt_20100' -> '/home/anton/work/gh/r2smesh-at/verification/arb-flux/scr.yes.ln999.linE/r2s.AD4J/r2s_r/fispact-data/EAF2010data/eaf_n_gxs_315_flt_20100'
'/home/anton/fispact-II/EAF2010data/eaf_n_gxs_211_flt_20100' -> '/home/anton/work/gh/r2smesh-at/verification/arb-flux/scr.yes.ln999.linE/r2s.AD4J/r2s_r/fispact-data/EAF2010data/eaf_n_gxs_211_flt_20100'
'/home/anton/fispact-II/EAF2010data/eaf_n_gxs_175_fus_20100' -> '/home/anton/work/gh/r2smesh-at/verification/arb-flux/scr.yes.ln999.linE/r2s.AD4J/r2s_r/fispact-data/EAF2010data/eaf_n_gxs_175_fus_20100'
'/home/anton/fispact-II/EAF2010data/eaf_n_gxs_351_flt_20100' -> '/home/anton/work/gh/r2smesh-at/verification/arb-flux/scr.yes.ln999.linE/r2s.AD4J/r2s_r/fispact-data/EAF2010data/eaf_n_gxs_351_flt_20100'
'/home/anton/fispact-II/EAF2010data/eaf_dec_20100.004' -> '/home/anton/work/gh/r2smesh-at/verification/arb-flux/scr.yes.ln999.linE/r2s.AD4J/r2s_r/fispact-data/EAF2010data/eaf_dec_20100.004'
'/home/anton/fispact-II/EAF2010data/eaf_n_gxs_172_fis_20100' -> '/home/anton/work/gh/r2smesh-at/verification/arb-flux/scr.yes.ln999.linE/r2s.AD4J/r2s_r/fispact-data/EAF2010data/eaf_n_gxs_172_fis_20100'
'/home/anton/fispact-II/fispact' -> '/home/anton/work/gh/r2smesh-at/verification/arb-flux/scr.yes.ln999.linE/r2s.AD4J/r2s_r/fispact-data/fispact'
'/home/anton/fispact-II/fispact/exec' -> '/home/anton/work/gh/r2smesh-at/verification/arb-flux/scr.yes.ln999.linE/r2s.AD4J/r2s_r/fispact-data/fispact/exec'
'/home/anton/fispact-II/fispact/exec/README' -> '/home/anton/work/gh/r2smesh-at/verification/arb-flux/scr.yes.ln999.linE/r2s.AD4J/r2s_r/fispact-data/fispact/exec/README'
'/home/anton/fispact-II/fispact/exec/Ubuntu-11.04-i586' -> '/home/anton/work/gh/r2smesh-at/verification/arb-flux/scr.yes.ln999.linE/r2s.AD4J/r2s_r/fispact-data/fispact/exec/Ubuntu-11.04-i586'
'/home/anton/fispact-II/fispact/exec/Ubuntu-11.04-i586/g95' -> '/home/anton/work/gh/r2smesh-at/verification/arb-flux/scr.yes.ln999.linE/r2s.AD4J/r2s_r/fispact-data/fispact/exec/Ubuntu-11.04-i586/g95'
'/home/anton/fispact-II/fispact/exec/Ubuntu-11.04-i586/g95/README' -> '/home/anton/work/gh/r2smesh-at/verification/arb-flux/scr.yes.ln999.linE/r2s.AD4J/r2s_r/fispact-data/fispact/exec/Ubuntu-11.04-i586/g95/README'
'/home/anton/fispact-II/fispact/exec/Ubuntu-11.04-i586/g95/fispact' -> '/home/anton/work/gh/r2smesh-at/verification/arb-flux/scr.yes.ln999.linE/r2s.AD4J/r2s_r/fispact-data/fispact/exec/Ubuntu-11.04-i586/g95/fispact'
'/home/anton/fispact-II/fispact/exec/Ubuntu-11.04-i586/g95/compress_xs_endf' -> '/home/anton/work/gh/r2smesh-at/verification/arb-flux/scr.yes.ln999.linE/r2s.AD4J/r2s_r/fispact-data/fispact/exec/Ubuntu-11.04-i586/g95/compress_xs_endf'
'/home/anton/fispact-II/fispact/exec/OpenSUSE-11.3-i586' -> '/home/anton/work/gh/r2smesh-at/verification/arb-flux/scr.yes.ln999.linE/r2s.AD4J/r2s_r/fispact-data/fispact/exec/OpenSUSE-11.3-i586'
'/home/anton/fispact-II/fispact/exec/OpenSUSE-11.3-i586/gfortran' -> '/home/anton/work/gh/r2smesh-at/verification/arb-flux/scr.yes.ln999.linE/r2s.AD4J/r2s_r/fispact-data/fispact/exec/OpenSUSE-11.3-i586/gfortran'
'/home/anton/fispact-II/fispact/exec/OpenSUSE-11.3-i586/gfortran/README' -> '/home/anton/work/gh/r2smesh-at/verification/arb-flux/scr.yes.ln999.linE/r2s.AD4J/r2s_r/fispact-data/fispact/exec/OpenSUSE-11.3-i586/gfortran/README'
'/home/anton/fispact-II/fispact/exec/OpenSUSE-11.3-i586/gfortran/fispact' -> '/home/anton/work/gh/r2smesh-at/verification/arb-flux/scr.yes.ln999.linE/r2s.AD4J/r2s_r/fispact-data/fispact/exec/OpenSUSE-11.3-i586/gfortran/fispact'
'/home/anton/fispact-II/fispact/exec/OpenSUSE-11.3-i586/gfortran/compress_xs_endf' -> '/home/anton/work/gh/r2smesh-at/verification/arb-flux/scr.yes.ln999.linE/r2s.AD4J/r2s_r/fispact-data/fispact/exec/OpenSUSE-11.3-i586/gfortran/compress_xs_endf'
'/home/anton/fispact-II/fispact/exec/OpenSUSE-11.3-i586/ifort' -> '/home/anton/work/gh/r2smesh-at/verification/arb-flux/scr.yes.ln999.linE/r2s.AD4J/r2s_r/fispact-data/fispact/exec/OpenSUSE-11.3-i586/ifort'
'/home/anton/fispact-II/fispact/exec/OpenSUSE-11.3-i586/ifort/README' -> '/home/anton/work/gh/r2smesh-at/verification/arb-flux/scr.yes.ln999.linE/r2s.AD4J/r2s_r/fispact-data/fispact/exec/OpenSUSE-11.3-i586/ifort/README'
'/home/anton/fispact-II/fispact/exec/OpenSUSE-11.3-i586/ifort/fispact' -> '/home/anton/work/gh/r2smesh-at/verification/arb-flux/scr.yes.ln999.linE/r2s.AD4J/r2s_r/fispact-data/fispact/exec/OpenSUSE-11.3-i586/ifort/fispact'
'/home/anton/fispact-II/fispact/exec/OpenSUSE-11.3-i586/ifort/compress_xs_endf' -> '/home/anton/work/gh/r2smesh-at/verification/arb-flux/scr.yes.ln999.linE/r2s.AD4J/r2s_r/fispact-data/fispact/exec/OpenSUSE-11.3-i586/ifort/compress_xs_endf'
'/home/anton/fispact-II/fispact/exec/CentOS-X86' -> '/home/anton/work/gh/r2smesh-at/verification/arb-flux/scr.yes.ln999.linE/r2s.AD4J/r2s_r/fispact-data/fispact/exec/CentOS-X86'
'/home/anton/fispact-II/fispact/exec/CentOS-X86/gfortran' -> '/home/anton/work/gh/r2smesh-at/verification/arb-flux/scr.yes.ln999.linE/r2s.AD4J/r2s_r/fispact-data/fispact/exec/CentOS-X86/gfortran'
'/home/anton/fispact-II/fispact/exec/CentOS-X86/gfortran/README' -> '/home/anton/work/gh/r2smesh-at/verification/arb-flux/scr.yes.ln999.linE/r2s.AD4J/r2s_r/fispact-data/fispact/exec/CentOS-X86/gfortran/README'
'/home/anton/fispact-II/fispact/exec/CentOS-X86/gfortran/fispact' -> '/home/anton/work/gh/r2smesh-at/verification/arb-flux/scr.yes.ln999.linE/r2s.AD4J/r2s_r/fispact-data/fispact/exec/CentOS-X86/gfortran/fispact'
'/home/anton/fispact-II/fispact/exec/CentOS-X86/gfortran/compress_xs_endf' -> '/home/anton/work/gh/r2smesh-at/verification/arb-flux/scr.yes.ln999.linE/r2s.AD4J/r2s_r/fispact-data/fispact/exec/CentOS-X86/gfortran/compress_xs_endf'
'/home/anton/fispact-II/fispact/exec/Ubuntu-12.04-X86' -> '/home/anton/work/gh/r2smesh-at/verification/arb-flux/scr.yes.ln999.linE/r2s.AD4J/r2s_r/fispact-data/fispact/exec/Ubuntu-12.04-X86'
'/home/anton/fispact-II/fispact/exec/Ubuntu-12.04-X86/gfortran' -> '/home/anton/work/gh/r2smesh-at/verification/arb-flux/scr.yes.ln999.linE/r2s.AD4J/r2s_r/fispact-data/fispact/exec/Ubuntu-12.04-X86/gfortran'
'/home/anton/fispact-II/fispact/exec/Ubuntu-12.04-X86/gfortran/README' -> '/home/anton/work/gh/r2smesh-at/verification/arb-flux/scr.yes.ln999.linE/r2s.AD4J/r2s_r/fispact-data/fispact/exec/Ubuntu-12.04-X86/gfortran/README'
'/home/anton/fispact-II/fispact/exec/Ubuntu-12.04-X86/gfortran/fispact' -> '/home/anton/work/gh/r2smesh-at/verification/arb-flux/scr.yes.ln999.linE/r2s.AD4J/r2s_r/fispact-data/fispact/exec/Ubuntu-12.04-X86/gfortran/fispact'
'/home/anton/fispact-II/fispact/exec/Ubuntu-12.04-X86/gfortran/compress_xs_endf' -> '/home/anton/work/gh/r2smesh-at/verification/arb-flux/scr.yes.ln999.linE/r2s.AD4J/r2s_r/fispact-data/fispact/exec/Ubuntu-12.04-X86/gfortran/compress_xs_endf'
'/home/anton/fispact-II/fispact/exec/Unix-Sparc' -> '/home/anton/work/gh/r2smesh-at/verification/arb-flux/scr.yes.ln999.linE/r2s.AD4J/r2s_r/fispact-data/fispact/exec/Unix-Sparc'
'/home/anton/fispact-II/fispact/exec/Unix-Sparc/oracle' -> '/home/anton/work/gh/r2smesh-at/verification/arb-flux/scr.yes.ln999.linE/r2s.AD4J/r2s_r/fispact-data/fispact/exec/Unix-Sparc/oracle'
'/home/anton/fispact-II/fispact/exec/Unix-Sparc/oracle/README' -> '/home/anton/work/gh/r2smesh-at/verification/arb-flux/scr.yes.ln999.linE/r2s.AD4J/r2s_r/fispact-data/fispact/exec/Unix-Sparc/oracle/README'
'/home/anton/fispact-II/fispact/exec/Unix-Sparc/oracle/fispact' -> '/home/anton/work/gh/r2smesh-at/verification/arb-flux/scr.yes.ln999.linE/r2s.AD4J/r2s_r/fispact-data/fispact/exec/Unix-Sparc/oracle/fispact'
'/home/anton/fispact-II/fispact/exec/Unix-Sparc/oracle/compress_xs_endf' -> '/home/anton/work/gh/r2smesh-at/verification/arb-flux/scr.yes.ln999.linE/r2s.AD4J/r2s_r/fispact-data/fispact/exec/Unix-Sparc/oracle/compress_xs_endf'
'/home/anton/fispact-II/fispact/exec/OpenSUSE-12.2-X86' -> '/home/anton/work/gh/r2smesh-at/verification/arb-flux/scr.yes.ln999.linE/r2s.AD4J/r2s_r/fispact-data/fispact/exec/OpenSUSE-12.2-X86'
'/home/anton/fispact-II/fispact/exec/OpenSUSE-12.2-X86/gfortran' -> '/home/anton/work/gh/r2smesh-at/verification/arb-flux/scr.yes.ln999.linE/r2s.AD4J/r2s_r/fispact-data/fispact/exec/OpenSUSE-12.2-X86/gfortran'
'/home/anton/fispact-II/fispact/exec/OpenSUSE-12.2-X86/gfortran/README' -> '/home/anton/work/gh/r2smesh-at/verification/arb-flux/scr.yes.ln999.linE/r2s.AD4J/r2s_r/fispact-data/fispact/exec/OpenSUSE-12.2-X86/gfortran/README'
'/home/anton/fispact-II/fispact/exec/OpenSUSE-12.2-X86/gfortran/fispact' -> '/home/anton/work/gh/r2smesh-at/verification/arb-flux/scr.yes.ln999.linE/r2s.AD4J/r2s_r/fispact-data/fispact/exec/OpenSUSE-12.2-X86/gfortran/fispact'
'/home/anton/fispact-II/fispact/exec/OpenSUSE-12.2-X86/gfortran/compress_xs_endf' -> '/home/anton/work/gh/r2smesh-at/verification/arb-flux/scr.yes.ln999.linE/r2s.AD4J/r2s_r/fispact-data/fispact/exec/OpenSUSE-12.2-X86/gfortran/compress_xs_endf'
'/home/anton/fispact-II/fispact/exec/OpenSUSE-12.2-X86/oracle' -> '/home/anton/work/gh/r2smesh-at/verification/arb-flux/scr.yes.ln999.linE/r2s.AD4J/r2s_r/fispact-data/fispact/exec/OpenSUSE-12.2-X86/oracle'
'/home/anton/fispact-II/fispact/exec/OpenSUSE-12.2-X86/oracle/README' -> '/home/anton/work/gh/r2smesh-at/verification/arb-flux/scr.yes.ln999.linE/r2s.AD4J/r2s_r/fispact-data/fispact/exec/OpenSUSE-12.2-X86/oracle/README'
'/home/anton/fispact-II/fispact/exec/OpenSUSE-12.2-X86/oracle/fispact' -> '/home/anton/work/gh/r2smesh-at/verification/arb-flux/scr.yes.ln999.linE/r2s.AD4J/r2s_r/fispact-data/fispact/exec/OpenSUSE-12.2-X86/oracle/fispact'
'/home/anton/fispact-II/fispact/exec/OpenSUSE-12.2-X86/oracle/compress_xs_endf' -> '/home/anton/work/gh/r2smesh-at/verification/arb-flux/scr.yes.ln999.linE/r2s.AD4J/r2s_r/fispact-data/fispact/exec/OpenSUSE-12.2-X86/oracle/compress_xs_endf'
'/home/anton/fispact-II/fispact/exec/OpenSUSE-12.2-X86/g95' -> '/home/anton/work/gh/r2smesh-at/verification/arb-flux/scr.yes.ln999.linE/r2s.AD4J/r2s_r/fispact-data/fispact/exec/OpenSUSE-12.2-X86/g95'
'/home/anton/fispact-II/fispact/exec/OpenSUSE-12.2-X86/g95/README' -> '/home/anton/work/gh/r2smesh-at/verification/arb-flux/scr.yes.ln999.linE/r2s.AD4J/r2s_r/fispact-data/fispact/exec/OpenSUSE-12.2-X86/g95/README'
'/home/anton/fispact-II/fispact/exec/OpenSUSE-12.2-X86/g95/fispact' -> '/home/anton/work/gh/r2smesh-at/verification/arb-flux/scr.yes.ln999.linE/r2s.AD4J/r2s_r/fispact-data/fispact/exec/OpenSUSE-12.2-X86/g95/fispact'
'/home/anton/fispact-II/fispact/exec/OpenSUSE-12.2-X86/g95/compress_xs_endf' -> '/home/anton/work/gh/r2smesh-at/verification/arb-flux/scr.yes.ln999.linE/r2s.AD4J/r2s_r/fispact-data/fispact/exec/OpenSUSE-12.2-X86/g95/compress_xs_endf'
'/home/anton/fispact-II/fispact/exec/OpenSUSE-12.2-X86/ifort' -> '/home/anton/work/gh/r2smesh-at/verification/arb-flux/scr.yes.ln999.linE/r2s.AD4J/r2s_r/fispact-data/fispact/exec/OpenSUSE-12.2-X86/ifort'
'/home/anton/fispact-II/fispact/exec/OpenSUSE-12.2-X86/ifort/README' -> '/home/anton/work/gh/r2smesh-at/verification/arb-flux/scr.yes.ln999.linE/r2s.AD4J/r2s_r/fispact-data/fispact/exec/OpenSUSE-12.2-X86/ifort/README'
'/home/anton/fispact-II/fispact/exec/OpenSUSE-12.2-X86/ifort/fispact' -> '/home/anton/work/gh/r2smesh-at/verification/arb-flux/scr.yes.ln999.linE/r2s.AD4J/r2s_r/fispact-data/fispact/exec/OpenSUSE-12.2-X86/ifort/fispact'
'/home/anton/fispact-II/fispact/exec/OpenSUSE-12.2-X86/ifort/compress_xs_endf' -> '/home/anton/work/gh/r2smesh-at/verification/arb-flux/scr.yes.ln999.linE/r2s.AD4J/r2s_r/fispact-data/fispact/exec/OpenSUSE-12.2-X86/ifort/compress_xs_endf'
'/home/anton/fispact-II/fispact/exec/Unix-X86' -> '/home/anton/work/gh/r2smesh-at/verification/arb-flux/scr.yes.ln999.linE/r2s.AD4J/r2s_r/fispact-data/fispact/exec/Unix-X86'
'/home/anton/fispact-II/fispact/exec/Unix-X86/oracle' -> '/home/anton/work/gh/r2smesh-at/verification/arb-flux/scr.yes.ln999.linE/r2s.AD4J/r2s_r/fispact-data/fispact/exec/Unix-X86/oracle'
'/home/anton/fispact-II/fispact/exec/Unix-X86/oracle/README' -> '/home/anton/work/gh/r2smesh-at/verification/arb-flux/scr.yes.ln999.linE/r2s.AD4J/r2s_r/fispact-data/fispact/exec/Unix-X86/oracle/README'
'/home/anton/fispact-II/fispact/exec/Unix-X86/oracle/fispact' -> '/home/anton/work/gh/r2smesh-at/verification/arb-flux/scr.yes.ln999.linE/r2s.AD4J/r2s_r/fispact-data/fispact/exec/Unix-X86/oracle/fispact'
'/home/anton/fispact-II/fispact/exec/SL-6.4-X86' -> '/home/anton/work/gh/r2smesh-at/verification/arb-flux/scr.yes.ln999.linE/r2s.AD4J/r2s_r/fispact-data/fispact/exec/SL-6.4-X86'
'/home/anton/fispact-II/fispact/exec/SL-6.4-X86/pgfortran' -> '/home/anton/work/gh/r2smesh-at/verification/arb-flux/scr.yes.ln999.linE/r2s.AD4J/r2s_r/fispact-data/fispact/exec/SL-6.4-X86/pgfortran'
'/home/anton/fispact-II/fispact/exec/SL-6.4-X86/pgfortran/README' -> '/home/anton/work/gh/r2smesh-at/verification/arb-flux/scr.yes.ln999.linE/r2s.AD4J/r2s_r/fispact-data/fispact/exec/SL-6.4-X86/pgfortran/README'
'/home/anton/fispact-II/fispact/exec/SL-6.4-X86/pgfortran/fispact' -> '/home/anton/work/gh/r2smesh-at/verification/arb-flux/scr.yes.ln999.linE/r2s.AD4J/r2s_r/fispact-data/fispact/exec/SL-6.4-X86/pgfortran/fispact'
'/home/anton/fispact-II/fispact/exec/SL-6.4-X86/pgfortran/compress_xs_endf' -> '/home/anton/work/gh/r2smesh-at/verification/arb-flux/scr.yes.ln999.linE/r2s.AD4J/r2s_r/fispact-data/fispact/exec/SL-6.4-X86/pgfortran/compress_xs_endf'
'/home/anton/fispact-II/fispact/exec/Windows7-X86' -> '/home/anton/work/gh/r2smesh-at/verification/arb-flux/scr.yes.ln999.linE/r2s.AD4J/r2s_r/fispact-data/fispact/exec/Windows7-X86'
'/home/anton/fispact-II/fispact/exec/Windows7-X86/gfortran' -> '/home/anton/work/gh/r2smesh-at/verification/arb-flux/scr.yes.ln999.linE/r2s.AD4J/r2s_r/fispact-data/fispact/exec/Windows7-X86/gfortran'
'/home/anton/fispact-II/fispact/exec/Windows7-X86/gfortran/fispact.exe' -> '/home/anton/work/gh/r2smesh-at/verification/arb-flux/scr.yes.ln999.linE/r2s.AD4J/r2s_r/fispact-data/fispact/exec/Windows7-X86/gfortran/fispact.exe'
'/home/anton/fispact-II/fispact/exec/Windows7-X86/gfortran/README' -> '/home/anton/work/gh/r2smesh-at/verification/arb-flux/scr.yes.ln999.linE/r2s.AD4J/r2s_r/fispact-data/fispact/exec/Windows7-X86/gfortran/README'
'/home/anton/fispact-II/fispact/exec/Windows7-X86/gfortran/compress_xs_endf.exe' -> '/home/anton/work/gh/r2smesh-at/verification/arb-flux/scr.yes.ln999.linE/r2s.AD4J/r2s_r/fispact-data/fispact/exec/Windows7-X86/gfortran/compress_xs_endf.exe'
'/home/anton/fispact-II/fispact/exec/Windows7-X86/g95' -> '/home/anton/work/gh/r2smesh-at/verification/arb-flux/scr.yes.ln999.linE/r2s.AD4J/r2s_r/fispact-data/fispact/exec/Windows7-X86/g95'
'/home/anton/fispact-II/fispact/exec/Windows7-X86/g95/fispact.exe' -> '/home/anton/work/gh/r2smesh-at/verification/arb-flux/scr.yes.ln999.linE/r2s.AD4J/r2s_r/fispact-data/fispact/exec/Windows7-X86/g95/fispact.exe'
'/home/anton/fispact-II/fispact/exec/Windows7-X86/g95/README' -> '/home/anton/work/gh/r2smesh-at/verification/arb-flux/scr.yes.ln999.linE/r2s.AD4J/r2s_r/fispact-data/fispact/exec/Windows7-X86/g95/README'
'/home/anton/fispact-II/fispact/exec/Windows7-X86/g95/compress_xs_endf.exe' -> '/home/anton/work/gh/r2smesh-at/verification/arb-flux/scr.yes.ln999.linE/r2s.AD4J/r2s_r/fispact-data/fispact/exec/Windows7-X86/g95/compress_xs_endf.exe'
'/home/anton/fispact-II/fispact/exec/Windows7-X86/ifort' -> '/home/anton/work/gh/r2smesh-at/verification/arb-flux/scr.yes.ln999.linE/r2s.AD4J/r2s_r/fispact-data/fispact/exec/Windows7-X86/ifort'
'/home/anton/fispact-II/fispact/exec/Windows7-X86/ifort/fispact.exe' -> '/home/anton/work/gh/r2smesh-at/verification/arb-flux/scr.yes.ln999.linE/r2s.AD4J/r2s_r/fispact-data/fispact/exec/Windows7-X86/ifort/fispact.exe'
'/home/anton/fispact-II/fispact/exec/Windows7-X86/ifort/README' -> '/home/anton/work/gh/r2smesh-at/verification/arb-flux/scr.yes.ln999.linE/r2s.AD4J/r2s_r/fispact-data/fispact/exec/Windows7-X86/ifort/README'
'/home/anton/fispact-II/fispact/exec/Windows7-X86/ifort/compress_xs_endf.exe' -> '/home/anton/work/gh/r2smesh-at/verification/arb-flux/scr.yes.ln999.linE/r2s.AD4J/r2s_r/fispact-data/fispact/exec/Windows7-X86/ifort/compress_xs_endf.exe'
'/home/anton/fispact-II/fispact/exec/WindowsXP-i586' -> '/home/anton/work/gh/r2smesh-at/verification/arb-flux/scr.yes.ln999.linE/r2s.AD4J/r2s_r/fispact-data/fispact/exec/WindowsXP-i586'
'/home/anton/fispact-II/fispact/exec/WindowsXP-i586/gfortran' -> '/home/anton/work/gh/r2smesh-at/verification/arb-flux/scr.yes.ln999.linE/r2s.AD4J/r2s_r/fispact-data/fispact/exec/WindowsXP-i586/gfortran'
'/home/anton/fispact-II/fispact/exec/WindowsXP-i586/gfortran/fispact.exe' -> '/home/anton/work/gh/r2smesh-at/verification/arb-flux/scr.yes.ln999.linE/r2s.AD4J/r2s_r/fispact-data/fispact/exec/WindowsXP-i586/gfortran/fispact.exe'
'/home/anton/fispact-II/fispact/exec/WindowsXP-i586/gfortran/README' -> '/home/anton/work/gh/r2smesh-at/verification/arb-flux/scr.yes.ln999.linE/r2s.AD4J/r2s_r/fispact-data/fispact/exec/WindowsXP-i586/gfortran/README'
'/home/anton/fispact-II/fispact/exec/WindowsXP-i586/gfortran/compress_xs_endf.exe' -> '/home/anton/work/gh/r2smesh-at/verification/arb-flux/scr.yes.ln999.linE/r2s.AD4J/r2s_r/fispact-data/fispact/exec/WindowsXP-i586/gfortran/compress_xs_endf.exe'
'/home/anton/fispact-II/fispact/exec/WindowsXP-i586/g95' -> '/home/anton/work/gh/r2smesh-at/verification/arb-flux/scr.yes.ln999.linE/r2s.AD4J/r2s_r/fispact-data/fispact/exec/WindowsXP-i586/g95'
'/home/anton/fispact-II/fispact/exec/WindowsXP-i586/g95/fispact.exe' -> '/home/anton/work/gh/r2smesh-at/verification/arb-flux/scr.yes.ln999.linE/r2s.AD4J/r2s_r/fispact-data/fispact/exec/WindowsXP-i586/g95/fispact.exe'
'/home/anton/fispact-II/fispact/exec/WindowsXP-i586/g95/README' -> '/home/anton/work/gh/r2smesh-at/verification/arb-flux/scr.yes.ln999.linE/r2s.AD4J/r2s_r/fispact-data/fispact/exec/WindowsXP-i586/g95/README'
'/home/anton/fispact-II/fispact/exec/WindowsXP-i586/g95/compress_xs_endf.exe' -> '/home/anton/work/gh/r2smesh-at/verification/arb-flux/scr.yes.ln999.linE/r2s.AD4J/r2s_r/fispact-data/fispact/exec/WindowsXP-i586/g95/compress_xs_endf.exe'
'/home/anton/fispact-II/fispact/exec/WindowsXP-i586/ifort' -> '/home/anton/work/gh/r2smesh-at/verification/arb-flux/scr.yes.ln999.linE/r2s.AD4J/r2s_r/fispact-data/fispact/exec/WindowsXP-i586/ifort'
'/home/anton/fispact-II/fispact/exec/WindowsXP-i586/ifort/fispact.exe' -> '/home/anton/work/gh/r2smesh-at/verification/arb-flux/scr.yes.ln999.linE/r2s.AD4J/r2s_r/fispact-data/fispact/exec/WindowsXP-i586/ifort/fispact.exe'
'/home/anton/fispact-II/fispact/exec/WindowsXP-i586/ifort/README' -> '/home/anton/work/gh/r2smesh-at/verification/arb-flux/scr.yes.ln999.linE/r2s.AD4J/r2s_r/fispact-data/fispact/exec/WindowsXP-i586/ifort/README'
'/home/anton/fispact-II/fispact/exec/WindowsXP-i586/ifort/compress_xs_endf.exe' -> '/home/anton/work/gh/r2smesh-at/verification/arb-flux/scr.yes.ln999.linE/r2s.AD4J/r2s_r/fispact-data/fispact/exec/WindowsXP-i586/ifort/compress_xs_endf.exe'
'/home/anton/fispact-II/fispact/exec/Mac-OSX-Maverick-X86' -> '/home/anton/work/gh/r2smesh-at/verification/arb-flux/scr.yes.ln999.linE/r2s.AD4J/r2s_r/fispact-data/fispact/exec/Mac-OSX-Maverick-X86'
'/home/anton/fispact-II/fispact/exec/Mac-OSX-Maverick-X86/gfortran' -> '/home/anton/work/gh/r2smesh-at/verification/arb-flux/scr.yes.ln999.linE/r2s.AD4J/r2s_r/fispact-data/fispact/exec/Mac-OSX-Maverick-X86/gfortran'
'/home/anton/fispact-II/fispact/exec/Mac-OSX-Maverick-X86/gfortran/README' -> '/home/anton/work/gh/r2smesh-at/verification/arb-flux/scr.yes.ln999.linE/r2s.AD4J/r2s_r/fispact-data/fispact/exec/Mac-OSX-Maverick-X86/gfortran/README'
'/home/anton/fispact-II/fispact/exec/Mac-OSX-Maverick-X86/gfortran/fispact' -> '/home/anton/work/gh/r2smesh-at/verification/arb-flux/scr.yes.ln999.linE/r2s.AD4J/r2s_r/fispact-data/fispact/exec/Mac-OSX-Maverick-X86/gfortran/fispact'
'/home/anton/fispact-II/fispact/exec/Mac-OSX-Maverick-X86/gfortran/compress_xs_endf' -> '/home/anton/work/gh/r2smesh-at/verification/arb-flux/scr.yes.ln999.linE/r2s.AD4J/r2s_r/fispact-data/fispact/exec/Mac-OSX-Maverick-X86/gfortran/compress_xs_endf'
'/home/anton/fispact-II/fispact/exec/Mac-OSX-Maverick-X86/ifort' -> '/home/anton/work/gh/r2smesh-at/verification/arb-flux/scr.yes.ln999.linE/r2s.AD4J/r2s_r/fispact-data/fispact/exec/Mac-OSX-Maverick-X86/ifort'
'/home/anton/fispact-II/fispact/exec/Mac-OSX-Maverick-X86/ifort/README' -> '/home/anton/work/gh/r2smesh-at/verification/arb-flux/scr.yes.ln999.linE/r2s.AD4J/r2s_r/fispact-data/fispact/exec/Mac-OSX-Maverick-X86/ifort/README'
'/home/anton/fispact-II/fispact/exec/Mac-OSX-Maverick-X86/ifort/fispact' -> '/home/anton/work/gh/r2smesh-at/verification/arb-flux/scr.yes.ln999.linE/r2s.AD4J/r2s_r/fispact-data/fispact/exec/Mac-OSX-Maverick-X86/ifort/fispact'
'/home/anton/fispact-II/fispact/exec/Mac-OSX-Maverick-X86/ifort/compress_xs_endf' -> '/home/anton/work/gh/r2smesh-at/verification/arb-flux/scr.yes.ln999.linE/r2s.AD4J/r2s_r/fispact-data/fispact/exec/Mac-OSX-Maverick-X86/ifort/compress_xs_endf'
'/home/anton/fispact-II/fispact/source' -> '/home/anton/work/gh/r2smesh-at/verification/arb-flux/scr.yes.ln999.linE/r2s.AD4J/r2s_r/fispact-data/fispact/source'
'/home/anton/fispact-II/fispact/source/f90' -> '/home/anton/work/gh/r2smesh-at/verification/arb-flux/scr.yes.ln999.linE/r2s.AD4J/r2s_r/fispact-data/fispact/source/f90'
'/home/anton/fispact-II/fispact/source/f77' -> '/home/anton/work/gh/r2smesh-at/verification/arb-flux/scr.yes.ln999.linE/r2s.AD4J/r2s_r/fispact-data/fispact/source/f77'
'/home/anton/fispact-II/fispact/source/config' -> '/home/anton/work/gh/r2smesh-at/verification/arb-flux/scr.yes.ln999.linE/r2s.AD4J/r2s_r/fispact-data/fispact/source/config'
'/home/anton/fispact-II/fispact/source/config/config_pgfortran.inc' -> '/home/anton/work/gh/r2smesh-at/verification/arb-flux/scr.yes.ln999.linE/r2s.AD4J/r2s_r/fispact-data/fispact/source/config/config_pgfortran.inc'
'/home/anton/fispact-II/fispact/source/config/config_sun_sparc.inc' -> '/home/anton/work/gh/r2smesh-at/verification/arb-flux/scr.yes.ln999.linE/r2s.AD4J/r2s_r/fispact-data/fispact/source/config/config_sun_sparc.inc'
'/home/anton/fispact-II/fispact/source/config/config_g95.inc' -> '/home/anton/work/gh/r2smesh-at/verification/arb-flux/scr.yes.ln999.linE/r2s.AD4J/r2s_r/fispact-data/fispact/source/config/config_g95.inc'
'/home/anton/fispact-II/fispact/source/config/config_sun_sparc_static.inc' -> '/home/anton/work/gh/r2smesh-at/verification/arb-flux/scr.yes.ln999.linE/r2s.AD4J/r2s_r/fispact-data/fispact/source/config/config_sun_sparc_static.inc'
'/home/anton/fispact-II/fispact/source/config/config_sun_x86.inc' -> '/home/anton/work/gh/r2smesh-at/verification/arb-flux/scr.yes.ln999.linE/r2s.AD4J/r2s_r/fispact-data/fispact/source/config/config_sun_x86.inc'
'/home/anton/fispact-II/fispact/source/config/config_intel_static.inc' -> '/home/anton/work/gh/r2smesh-at/verification/arb-flux/scr.yes.ln999.linE/r2s.AD4J/r2s_r/fispact-data/fispact/source/config/config_intel_static.inc'
'/home/anton/fispact-II/fispact/source/config/sources.inc' -> '/home/anton/work/gh/r2smesh-at/verification/arb-flux/scr.yes.ln999.linE/r2s.AD4J/r2s_r/fispact-data/fispact/source/config/sources.inc'
'/home/anton/fispact-II/fispact/source/config/config_intel.inc' -> '/home/anton/work/gh/r2smesh-at/verification/arb-flux/scr.yes.ln999.linE/r2s.AD4J/r2s_r/fispact-data/fispact/source/config/config_intel.inc'
'/home/anton/fispact-II/fispact/source/config/config_sun_x86_static.inc' -> '/home/anton/work/gh/r2smesh-at/verification/arb-flux/scr.yes.ln999.linE/r2s.AD4J/r2s_r/fispact-data/fispact/source/config/config_sun_x86_static.inc'
'/home/anton/fispact-II/fispact/source/config/config_gfortran.inc' -> '/home/anton/work/gh/r2smesh-at/verification/arb-flux/scr.yes.ln999.linE/r2s.AD4J/r2s_r/fispact-data/fispact/source/config/config_gfortran.inc'
'/home/anton/fispact-II/fispact/source/config/config_pgfortran_static.inc' -> '/home/anton/work/gh/r2smesh-at/verification/arb-flux/scr.yes.ln999.linE/r2s.AD4J/r2s_r/fispact-data/fispact/source/config/config_pgfortran_static.inc'
'/home/anton/fispact-II/fispact/source/config/config_gfortran_static.inc' -> '/home/anton/work/gh/r2smesh-at/verification/arb-flux/scr.yes.ln999.linE/r2s.AD4J/r2s_r/fispact-data/fispact/source/config/config_gfortran_static.inc'
'/home/anton/fispact-II/fispact/source/build' -> '/home/anton/work/gh/r2smesh-at/verification/arb-flux/scr.yes.ln999.linE/r2s.AD4J/r2s_r/fispact-data/fispact/source/build'
'/home/anton/fispact-II/fispact/source/build/rubric.txt' -> '/home/anton/work/gh/r2smesh-at/verification/arb-flux/scr.yes.ln999.linE/r2s.AD4J/r2s_r/fispact-data/fispact/source/build/rubric.txt'
'/home/anton/fispact-II/fispact/source/build/template_m.f90' -> '/home/anton/work/gh/r2smesh-at/verification/arb-flux/scr.yes.ln999.linE/r2s.AD4J/r2s_r/fispact-data/fispact/source/build/template_m.f90'
'/home/anton/fispact-II/fispact/source/build/oo_m.f90' -> '/home/anton/work/gh/r2smesh-at/verification/arb-flux/scr.yes.ln999.linE/r2s.AD4J/r2s_r/fispact-data/fispact/source/build/oo_m.f90'
'/home/anton/fispact-II/fispact/source/build/Makefile' -> '/home/anton/work/gh/r2smesh-at/verification/arb-flux/scr.yes.ln999.linE/r2s.AD4J/r2s_r/fispact-data/fispact/source/build/Makefile'
'/home/anton/fispact-II/fispact/source/build/depend.inc.old' -> '/home/anton/work/gh/r2smesh-at/verification/arb-flux/scr.yes.ln999.linE/r2s.AD4J/r2s_r/fispact-data/fispact/source/build/depend.inc.old'
'/home/anton/fispact-II/fispact/source/build/fisprint' -> '/home/anton/work/gh/r2smesh-at/verification/arb-flux/scr.yes.ln999.linE/r2s.AD4J/r2s_r/fispact-data/fispact/source/build/fisprint'
'/home/anton/fispact-II/fispact/source/build/sfmakedepend' -> '/home/anton/work/gh/r2smesh-at/verification/arb-flux/scr.yes.ln999.linE/r2s.AD4J/r2s_r/fispact-data/fispact/source/build/sfmakedepend'
'/home/anton/fispact-II/fispact/source/build/fp' -> '/home/anton/work/gh/r2smesh-at/verification/arb-flux/scr.yes.ln999.linE/r2s.AD4J/r2s_r/fispact-data/fispact/source/build/fp'
'/home/anton/fispact-II/getting_started' -> '/home/anton/work/gh/r2smesh-at/verification/arb-flux/scr.yes.ln999.linE/r2s.AD4J/r2s_r/fispact-data/getting_started'
'/home/anton/fispact-II/getting_started/files' -> '/home/anton/work/gh/r2smesh-at/verification/arb-flux/scr.yes.ln999.linE/r2s.AD4J/r2s_r/fispact-data/getting_started/files'
'/home/anton/fispact-II/getting_started/testresults' -> '/home/anton/work/gh/r2smesh-at/verification/arb-flux/scr.yes.ln999.linE/r2s.AD4J/r2s_r/fispact-data/getting_started/testresults'
'/home/anton/fispact-II/getting_started/testresults/print_lib.out' -> '/home/anton/work/gh/r2smesh-at/verification/arb-flux/scr.yes.ln999.linE/r2s.AD4J/r2s_r/fispact-data/getting_started/testresults/print_lib.out'
'/home/anton/fispact-II/getting_started/testresults/condense.out' -> '/home/anton/work/gh/r2smesh-at/verification/arb-flux/scr.yes.ln999.linE/r2s.AD4J/r2s_r/fispact-data/getting_started/testresults/condense.out'
'/home/anton/fispact-II/getting_started/testresults/inventory.plt' -> '/home/anton/work/gh/r2smesh-at/verification/arb-flux/scr.yes.ln999.linE/r2s.AD4J/r2s_r/fispact-data/getting_started/testresults/inventory.plt'
'/home/anton/fispact-II/getting_started/testresults/collapse.out' -> '/home/anton/work/gh/r2smesh-at/verification/arb-flux/scr.yes.ln999.linE/r2s.AD4J/r2s_r/fispact-data/getting_started/testresults/collapse.out'
'/home/anton/fispact-II/getting_started/testresults/inventory.gra.pdf' -> '/home/anton/work/gh/r2smesh-at/verification/arb-flux/scr.yes.ln999.linE/r2s.AD4J/r2s_r/fispact-data/getting_started/testresults/inventory.gra.pdf'
'/home/anton/fispact-II/getting_started/testresults/inventory.out' -> '/home/anton/work/gh/r2smesh-at/verification/arb-flux/scr.yes.ln999.linE/r2s.AD4J/r2s_r/fispact-data/getting_started/testresults/inventory.out'
'/home/anton/fispact-II/getting_started/testresults/inventory.gra.ps' -> '/home/anton/work/gh/r2smesh-at/verification/arb-flux/scr.yes.ln999.linE/r2s.AD4J/r2s_r/fispact-data/getting_started/testresults/inventory.gra.ps'
'/home/anton/fispact-II/getting_started/testresults/inventory.gra' -> '/home/anton/work/gh/r2smesh-at/verification/arb-flux/scr.yes.ln999.linE/r2s.AD4J/r2s_r/fispact-data/getting_started/testresults/inventory.gra'
'/home/anton/fispact-II/getting_started/EEF_first_wall_fluxes' -> '/home/anton/work/gh/r2smesh-at/verification/arb-flux/scr.yes.ln999.linE/r2s.AD4J/r2s_r/fispact-data/getting_started/EEF_first_wall_fluxes'
'/home/anton/fispact-II/getting_started/print_lib.i' -> '/home/anton/work/gh/r2smesh-at/verification/arb-flux/scr.yes.ln999.linE/r2s.AD4J/r2s_r/fispact-data/getting_started/print_lib.i'
'/home/anton/fispact-II/getting_started/condense.i' -> '/home/anton/work/gh/r2smesh-at/verification/arb-flux/scr.yes.ln999.linE/r2s.AD4J/r2s_r/fispact-data/getting_started/condense.i'
'/home/anton/fispact-II/getting_started/collapse.i' -> '/home/anton/work/gh/r2smesh-at/verification/arb-flux/scr.yes.ln999.linE/r2s.AD4J/r2s_r/fispact-data/getting_started/collapse.i'
'/home/anton/fispact-II/getting_started/inventory.i' -> '/home/anton/work/gh/r2smesh-at/verification/arb-flux/scr.yes.ln999.linE/r2s.AD4J/r2s_r/fispact-data/getting_started/inventory.i'
'/home/anton/fispact-II/doc' -> '/home/anton/work/gh/r2smesh-at/verification/arb-flux/scr.yes.ln999.linE/r2s.AD4J/r2s_r/fispact-data/doc'
'/home/anton/fispact-II/doc/CCFE-R(11)11.pdf' -> '/home/anton/work/gh/r2smesh-at/verification/arb-flux/scr.yes.ln999.linE/r2s.AD4J/r2s_r/fispact-data/doc/CCFE-R(11)11.pdf'
'/home/anton/fispact-II/doc/CCFE-R(14)22.pdf' -> '/home/anton/work/gh/r2smesh-at/verification/arb-flux/scr.yes.ln999.linE/r2s.AD4J/r2s_r/fispact-data/doc/CCFE-R(14)22.pdf'
'/home/anton/fispact-II/doc/sd' -> '/home/anton/work/gh/r2smesh-at/verification/arb-flux/scr.yes.ln999.linE/r2s.AD4J/r2s_r/fispact-data/doc/sd'
'/home/anton/fispact-II/doc/sd/sd3' -> '/home/anton/work/gh/r2smesh-at/verification/arb-flux/scr.yes.ln999.linE/r2s.AD4J/r2s_r/fispact-data/doc/sd/sd3'
'/home/anton/fispact-II/doc/sd/sd3/cem_over.jpg' -> '/home/anton/work/gh/r2smesh-at/verification/arb-flux/scr.yes.ln999.linE/r2s.AD4J/r2s_r/fispact-data/doc/sd/sd3/cem_over.jpg'
'/home/anton/fispact-II/doc/sd/sd3/cem_down.jpg' -> '/home/anton/work/gh/r2smesh-at/verification/arb-flux/scr.yes.ln999.linE/r2s.AD4J/r2s_r/fispact-data/doc/sd/sd3/cem_down.jpg'
'/home/anton/fispact-II/doc/sd/sd3/CCFElowres.jpg' -> '/home/anton/work/gh/r2smesh-at/verification/arb-flux/scr.yes.ln999.linE/r2s.AD4J/r2s_r/fispact-data/doc/sd/sd3/CCFElowres.jpg'
'/home/anton/fispact-II/doc/sd/sd3/Authoritycol.gif' -> '/home/anton/work/gh/r2smesh-at/verification/arb-flux/scr.yes.ln999.linE/r2s.AD4J/r2s_r/fispact-data/doc/sd/sd3/Authoritycol.gif'
'/home/anton/fispact-II/doc/sd/sd3/cemstyle.css' -> '/home/anton/work/gh/r2smesh-at/verification/arb-flux/scr.yes.ln999.linE/r2s.AD4J/r2s_r/fispact-data/doc/sd/sd3/cemstyle.css'
'/home/anton/fispact-II/doc/sd/sd3/f90doc.css' -> '/home/anton/work/gh/r2smesh-at/verification/arb-flux/scr.yes.ln999.linE/r2s.AD4J/r2s_r/fispact-data/doc/sd/sd3/f90doc.css'
'/home/anton/fispact-II/doc/sd/sd3/valid-css-blue.png' -> '/home/anton/work/gh/r2smesh-at/verification/arb-flux/scr.yes.ln999.linE/r2s.AD4J/r2s_r/fispact-data/doc/sd/sd3/valid-css-blue.png'
'/home/anton/fispact-II/doc/sd/sd3/Authoritycol.jpg' -> '/home/anton/work/gh/r2smesh-at/verification/arb-flux/scr.yes.ln999.linE/r2s.AD4J/r2s_r/fispact-data/doc/sd/sd3/Authoritycol.jpg'
'/home/anton/fispact-II/doc/sd/sd3/valid-xhtml10-blue.png' -> '/home/anton/work/gh/r2smesh-at/verification/arb-flux/scr.yes.ln999.linE/r2s.AD4J/r2s_r/fispact-data/doc/sd/sd3/valid-xhtml10-blue.png'
'/home/anton/fispact-II/doc/sd/sd3/ccfe.css' -> '/home/anton/work/gh/r2smesh-at/verification/arb-flux/scr.yes.ln999.linE/r2s.AD4J/r2s_r/fispact-data/doc/sd/sd3/ccfe.css'
'/home/anton/fispact-II/doc/sd/sd3/CulhamEMlogo.png' -> '/home/anton/work/gh/r2smesh-at/verification/arb-flux/scr.yes.ln999.linE/r2s.AD4J/r2s_r/fispact-data/doc/sd/sd3/CulhamEMlogo.png'
'/home/anton/fispact-II/doc/sd/sd3/cempage.js' -> '/home/anton/work/gh/r2smesh-at/verification/arb-flux/scr.yes.ln999.linE/r2s.AD4J/r2s_r/fispact-data/doc/sd/sd3/cempage.js'
'/home/anton/fispact-II/doc/CCFE-R(14)21.pdf' -> '/home/anton/work/gh/r2smesh-at/verification/arb-flux/scr.yes.ln999.linE/r2s.AD4J/r2s_r/fispact-data/doc/CCFE-R(14)21.pdf'
'/home/anton/fispact-II/Utility' -> '/home/anton/work/gh/r2smesh-at/verification/arb-flux/scr.yes.ln999.linE/r2s.AD4J/r2s_r/fispact-data/Utility'
'/home/anton/fispact-II/Utility/Evalplot.pdf' -> '/home/anton/work/gh/r2smesh-at/verification/arb-flux/scr.yes.ln999.linE/r2s.AD4J/r2s_r/fispact-data/Utility/Evalplot.pdf'
'/home/anton/fispact-II/Utility/README' -> '/home/anton/work/gh/r2smesh-at/verification/arb-flux/scr.yes.ln999.linE/r2s.AD4J/r2s_r/fispact-data/Utility/README'
'/home/anton/fispact-II/Utility/PLOT.CHR' -> '/home/anton/work/gh/r2smesh-at/verification/arb-flux/scr.yes.ln999.linE/r2s.AD4J/r2s_r/fispact-data/Utility/PLOT.CHR'
'/home/anton/fispact-II/Utility/COMPLOT.LST' -> '/home/anton/work/gh/r2smesh-at/verification/arb-flux/scr.yes.ln999.linE/r2s.AD4J/r2s_r/fispact-data/Utility/COMPLOT.LST'
'/home/anton/fispact-II/Utility/EVALPLOT.LST' -> '/home/anton/work/gh/r2smesh-at/verification/arb-flux/scr.yes.ln999.linE/r2s.AD4J/r2s_r/fispact-data/Utility/EVALPLOT.LST'
'/home/anton/fispact-II/Utility/Complot.pdf' -> '/home/anton/work/gh/r2smesh-at/verification/arb-flux/scr.yes.ln999.linE/r2s.AD4J/r2s_r/fispact-data/Utility/Complot.pdf'
'/home/anton/fispact-II/Utility/COMPLOT.INP' -> '/home/anton/work/gh/r2smesh-at/verification/arb-flux/scr.yes.ln999.linE/r2s.AD4J/r2s_r/fispact-data/Utility/COMPLOT.INP'
'/home/anton/fispact-II/Utility/PLOT.SYM' -> '/home/anton/work/gh/r2smesh-at/verification/arb-flux/scr.yes.ln999.linE/r2s.AD4J/r2s_r/fispact-data/Utility/PLOT.SYM'
'/home/anton/fispact-II/Utility/EVALPLOT.INP' -> '/home/anton/work/gh/r2smesh-at/verification/arb-flux/scr.yes.ln999.linE/r2s.AD4J/r2s_r/fispact-data/Utility/EVALPLOT.INP'
'/home/anton/fispact-II/Utility/MT.DAT' -> '/home/anton/work/gh/r2smesh-at/verification/arb-flux/scr.yes.ln999.linE/r2s.AD4J/r2s_r/fispact-data/Utility/MT.DAT'
'/home/anton/work/gh/r2smesh-at/files/collapse_files' -> '/home/anton/work/gh/r2smesh-at/verification/arb-flux/scr.yes.ln999.linE/r2s.AD4J/r2s_r/collapse_files'
'/home/anton/work/gh/r2smesh-at/files/collapse_input_1' -> '/home/anton/work/gh/r2smesh-at/verification/arb-flux/scr.yes.ln999.linE/r2s.AD4J/r2s_r/collapse_input_1'
'/home/anton/work/gh/r2smesh-at/files/collapse_input_2' -> '/home/anton/work/gh/r2smesh-at/verification/arb-flux/scr.yes.ln999.linE/r2s.AD4J/r2s_r/collapse_input_2'
'/home/anton/work/gh/r2smesh-at/files/inventory_files' -> '/home/anton/work/gh/r2smesh-at/verification/arb-flux/scr.yes.ln999.linE/r2s.AD4J/r2s_r/inventory_files'
'/home/anton/work/gh/r2smesh-at/files/inventory_input_header' -> '/home/anton/work/gh/r2smesh-at/verification/arb-flux/scr.yes.ln999.linE/r2s.AD4J/r2s_r/header'
'/home/anton/work/gh/r2smesh-at/verification/arb-flux/input/inventory_input_footer' -> '/home/anton/work/gh/r2smesh-at/verification/arb-flux/scr.yes.ln999.linE/r2s.AD4J/r2s_r/footer'
