



     ==============================================================================
     |                                                                            |
     |                            F I S P A C T - I I                             |
     |                            -------------------                             |
     |                                                                            |
     |                  Transmutation-Activation Inventory Code                   |
     |                   United Kingdom Atomic Energy Authority                   |
     |                                    and                                     |
     |                      Culham Electromagnetics Limited                       |
     |                                                                            |
     |                           Release 2.20 June 2014                           |
     |                   Authors: James Eastwood and Guy Morgan                   |
     |           Copyright (c) 2009-14, UK Atomic Energy Authority and            |
     |                      Culham Electromagnetics Limited.                      |
     |                                                                            |
     ==============================================================================

     ------------------------------------------------------------------------------
     Source CVS Tag: $Name: Release-2-20-01 $
     ------------------------------------------------------------------------------



1




     =========================================================================================================
     |                                                                                                       |
     |                      R U N   I D E N T I F I C A T I O N   I N F O R M A T I O N                      |
     |                                                                                                       |
     | INITIAL CROSS SECTION DATA                                                                            |
     | Collapsed library timestamp:                                                                          |
     | EAF source library label:                                                                             |
     | FLUX file label:                                                                                      |
     |                                                                                                       |
     | DECAY DATA                                                                                            |
     | Condensed library timestamp: 13:31:32 22 May 2019                                                     |
     | EAF source library label:    EAF-2010                                                                 |
     |                                                                                                       |
     | THIS RUN                                                                                              |
     | timestamp:                   13:31:32 22 May 2019                                                     |
     | fileroot :                   condense                                                                 |
     | name of FILES file:          files                                                                    |
     | FISPACT title:               * Condense decay data                                                    |
     |                                                                                                       |
     | See the condense.log file                                                                             |
     | and summary details at the end of this file for further information on files used by this run         |
     |                                                                                                       |
     =========================================================================================================


fispact run time=                  0.93328     secs


 ------------------------------------------------------------------
 Files that have been opened during this run.
 ------------------------------------------------------------------
 The numbers after the unit names are the internal unit numbers.

 input( 5)       condense.i
 arrayx(13)      arrayx
 decay(16)       ./fispact-data/EAF2010data/eaf_dec_20100.001
                 ./fispact-data/EAF2010data/eaf_dec_20100.002
                 ./fispact-data/EAF2010data/eaf_dec_20100.003
                 ./fispact-data/EAF2010data/eaf_dec_20100.004
                 ./fispact-data/EAF2010data/eaf_dec_20100.005
                 ./fispact-data/EAF2010data/eaf_dec_20100.006
                 ./fispact-data/EAF2010data/eaf_dec_20100.007
                 ./fispact-data/EAF2010data/eaf_dec_20100.008
                 ./fispact-data/EAF2010data/eaf_dec_20100.009
                 ./fispact-data/EAF2010data/eaf_dec_20100.010
 ind_nuc(18)     ./fispact-data/EAF2010data/eaf_index_20100
 output(38)      condense.out
 runlog(48)      condense.log
 ------------------------------------------------------------------



     Run timestamp:13:31:32 22 May 2019            

     Current time: 13:31:33 22 May 2019            
