



     ==============================================================================
     |                                                                            |
     |                            F I S P A C T - I I                             |
     |                            -------------------                             |
     |                                                                            |
     |                  Transmutation-Activation Inventory Code                   |
     |                   United Kingdom Atomic Energy Authority                   |
     |                                    and                                     |
     |                      Culham Electromagnetics Limited                       |
     |                                                                            |
     |                           Release 2.20 June 2014                           |
     |                   Authors: James Eastwood and Guy Morgan                   |
     |           Copyright (c) 2009-14, UK Atomic Energy Authority and            |
     |                      Culham Electromagnetics Limited.                      |
     |                                                                            |
     ==============================================================================

     ------------------------------------------------------------------------------
     Source CVS Tag: $Name: Release-2-20-01 $
     ------------------------------------------------------------------------------



     FISPACT-II is a completely new transmutation-activation inventory code designed to be a functional replacement for FISPACT-2007.
     The new code is written in object-style Fortran 95, and has extended physical models and improved numerical algorithms compared with
     the old FISPACT code. Users familiar with FISPACT-2007 will be able in most cases to use the new code with their existing input data
     files. Some new keywords have been added to deal with the new capabilities, and some of the old keywords no longer have the action
     they had before. Where a keyword no longer works as before, this new code will issue a warning or fatal error message.


     New features
     ------------

     Additional projectile options: five projectiles (neutron, proton, deuteron, alpha, and gamma) may now be used.

     ENDF format data libraries: TENDL2013 cross-section, uncertainty, decay and fission yield libraries can be read and processed.

     Additional elements and nuclides: elements up to Z=111 are recognised, and the new libraries contain 3873 nuclides.

     Other libraries can also be read: ENDF-BVII.1, JEFF-3.2 and JENDL-4.

     Additional reaction options: 90 reaction types are now recognised.

     Additional decay types: a total of 24 decay types are now recognised: 6 single decay modes and 18 multiple-particle decay modes.

     New self-shielding factors: probability table data generated by CALENDF can be used with the 616-group EAF
     and 709-group TENDL neutron libraries.

     New universal sigmoid curve model for self-shielding: target geometry can be
     included to describe foils, wires, spheres or finite cylinders.

     Additional printlib output: the option to print photon and material spectral lines is now available.

     Kerma, dpa and gas appm: additional cross-section data in the TENDL2011 libraries are read and processed
     to permit the output of these derived quantities.

     Full details of all reactions between parent and daughter are retained.

     New stiff ode solver: the LSODES package is now used; there is no equilibrium approximation and the time dependence of
     actinide inventories is treated in full.

     New pathways analysis algorithms using graph theory based tree-searching methods. All loops and paths are automatically 
     included if their contribution is above the user-specifed thresholds, and searches can be made to arbitrary depths.
     Pathways analyses work for single and multipulse irradiation steps and changing cross-sections.

     New sensitivity analysis capabilities using Monte-Carlo methods. Sensitivity analysis can now be undertaken for
     any single or multipulse irradiation steps.

     Information on all reactions between a given parent and daughter is available and is displayed by pathways output.

     Runs using subsets of the nuclides in the EAF or TENDL libraries are now possible.

     Encapsulated data are used in an object-based modular code design, including built-in error logging and code timing objects.

     Dynamical memory allocation is used throughout, so the same code works for all the data sets irrespective of their sizes.

     FILES file changes: an alternative of filename mnemonics to unit numbers can be used to link to external filenames,
     and comments can be included in the FILES file. Repeated entries are read into a queue and are used in sequence
     (see GETXS keyword below).

     More user-friendly I/O: command-line argument <fileroot> to identify user input and output files; the option of
     specifying the FILES file as a second command-line argument; mnemonics instead of unit numbers in the FILES file;
     comments permitted in the FILES file; a separate error and run-logging output file; automatic generation of
     gnuplot command files for graph plotting.

     Input file syntax checking: the input file is now checked before a calculation commences and detailed error reporting
     has been added to aid the development and testing of new input control files.


     Keyword changes
     ---------------

     All the FISPACT-2007 keywords are recognised by the new program, but where their use has changed warning or error
     messages are written to the log file. Note that the keyword reader will recognise a truncated keyword if the three
     or more leading letters of the keyword given uniquely identify it. The reader will not recognise keywords that have
     extra letters at the end (e.g., NOFISSION will not be recognised as NOFISS).

     The following gives a summary of the changes in keywords:

     ADCROSS - is a new sub-keyword of OVER to specify the error factor for the cross-section; it is a synonym for ERROR.

     ADLAM - is a new sub-keyword of OVER to specify the error factor for the half-life.

     AINPUT - still works, but is deprecated in favour of GETXS 0 GETDECAY 0 instead.

     ARRAY - still works, but is deprecated in favour of argument 0 with GETDECAY instead.

     CLOBBER - is a new keword to permit the overwriting of existing output files.

     COLLAPSE - still works, but is deprecated in favour of GETXS.

     CONV - is obsolete and now generates a warning message to use TOLERANCE instead.

     COVARIANCE - is a new keword to compute collapsed covariances between different reactions.

     DOMINANT - is obsolete. Use UNCERTAINTY and SORTDOMINANT instead to control dominant nuclide output.

     EAFVERSION - is now used to distinguish between EAF and TENDL2011 data libraries; version 8 causes the reading of the
     TENDL libraries while 7 or less causes the reading of the EAF libraries. The EAF-reading code has been tested only
     with the EAF2007 and EAF2010 data.

     ENFA - still works, but is deprecated in favour of GETDECAY.

     ERROR - still works as a sub-keyword of OVER, but is deprecated in favour of ADCROSS.

     GETDECAY - is a replacement for ENFA and its sub-keywords TAPA, ARRAY and LINA. It has one argument which should be
     set to zero to read decay data from an existing condensed decay library (ARRAYX file), and 1 to condense decay and
     fission data from the EAF or TENDL library files specified in the FILES file.

     GETXS - is a replacement for the COLLAPSE and NEWFILE keywords.  It has one argument which should be set to zero to
     read collapsed cross-section data from an existing collapsed library (COLLAPX file), and 1 to collapse cross-section
     data from the EAF or TENDL library files and FLUX or ARB_FLUX files specified in the FILES file. If the first argument
     is one, a second argument giving the number of energy bins is also required. Multiple occurrences of GETXS in an input
     file may be used to specify new cross-sections during an inventory calculation.

     GRAPH - a GRSHOW=2 option has been added to write the .gra file in a form suitable for gnuplot, and additionally
     to write a .plt file containing gnuplot commands to plot the graphs.

     INDEXPATH - is a new keyword to write an index file containing only those nuclides on the pathways from initial
     inventory nuclides to nuclides that are dominant at the time when ZERO is issued.

     LEVEL - is obsolete and now generates a warning message to use TOLERANCE instead.

     LINA - still works, but is deprecated in favour of argument 0 with GETDECAY instead.

     LOGLEVEL - is a new keyword to control the level of verbosity for messages  sent to the LOG file.

     LOOKAHEAD - is a new keyword to identify late-time dominant nuclides for long cooling periods.

     LOOPS - is obsolete and now generates a warning message to use the updated UNCERTAINTY keyword instead.

     MCSAMPLE - is a new keyword to specify sample distribution and size for Monte-Carlo sensitivity calculations.

     MCSEED - is a new keyword to specify the random number seed for Monte-Carlo sensitivity calculations.

     MIND - now affects only the inventory output, not the calculation.

     NEWFILE - is obsolete. Use more than one instance of GETXS and put multiple files in the FILES file.

     NOHEAD - has been replaced by NOHEADER.

     NOHEADER - is a replacement for NOHEAD.

     NOSTAB - has been replaced by NOSTABLE.

     NOSTABLE - is a replacement for NOSTAB.

     OVER - has been modified by introducing an alternative name of ADCROSS for sub-keyword ERROR and adding a new 
     sub-keyword ADLAM for the input of a new error factor for the half-life.

     PATHRESET - is a new keword to assist with identifying late-time dominant nuclides.

     PROBTABLE - is a new keword to activate the self-shielding calculation.

     SAVELINES - is a new keyword to cause spectral lines to be stored in a decay library condense run.

     SENSITIVITY - now causes a Monte-Carlo analysis to be undertaken.

     SEQNUMBER - now has no effect apart from issuing a warning message.

     SEQUENTIAL - now has no effect apart from issuing a warning message.

     SORTDOMINANT - is a new keyword with two integer arguments, TOPXX and TOPX. TOPXX (default 20) determines 
     the number of nuclides included in the dominant list used for uncertainty calculations, and TOPX (default 20)
     determines the number displayed in the output file.

     SSFCHOOSE - is a new keyword to specify nuclides for which self-shielding factors are calculated.

     SSFDILUTION - is a new keyword to specify user-defined dilutions for self-shielding calculations.

     SSFFUEL - is a new keyword to specify directly the mixture of nuclides to be used when self-shielding factors
     are calculated.

     SSFGEOMETRY - is a new keyword to invoke the universal sigmoid curve self-shielding approximation and
     to specify the shape and size of the target.

     SSFMASS - is a new keyword to specify indirectly the mixture of nuclides to be used when self-shielding factors
     are calculated.

     TIME - now accepts an optional additional keyword SECS for the time units.

     TABn - the stream numbers are now arbitrary. The actual stream numbers used are given in the log file.

     TAPA - still works, but is deprecated in favour of argument 1 with GETDECAY instead.

     TOLERANCE - is a new keyword used to introduce convergence parameters for the LSODES solver that is now used
     to compute the inventories. It has one integer and two real arguments. The integer argument is set to 0 to
     specify parameters for the main inventory calculation and 1 to specify parameters for the pathways calculation.
     The two real arguments are the absolute (atol) and relative (rtol) tolerances used in the underlying LSODES
     ode solver for measuring convergence.  Default values of (atol,rtol) are (1.0e+4,2.0e-3) for both the main and
     pathways integrations.

     UNCERTAINTY - now initialises the pathways and related calculations for the whole of the irradiation phase.
     If nonzero arguments are used the keyword should be given before the first ATOMS or SPECTRUM keyword. Values
     of the argument IUNCER=0-3 have the same effect as previously. The argument IUNCER=4 now generates a fatal
     error, and a new case IUNCER=-1 has been added to change the new options controlling the computation of
     pathways. If IUNCER=-1, then there are three real quantities, path_floor, loop_floor and max_depth for
     controlling the pathways calculation, and a fourth integer IUNCER for the value of IUNCER after the default
     paramaters have been reset:

     - path_floor (5e-3) - all pathways contributing more than the path_floor fraction of the inventory of the
                           final (target) nuclide are retained.

     - loop_floor (1e-2) - all loops that increase the inventory contribution of the path they are on by a fraction
                           greater than the loop_floor are retained.

     - max_depth (10) - the maximum number of links in a path from a source nuclide to a target nuclide.

     USEFISSION - is a new keyword causing all fission reactions to be self-consistently included in the rate
     equations matrix. It should be used whenever actinides are specified in the target material. Its absence
     leads to a much faster calculation when actinides are not present.

     ZERO - now initiates the calculation and output of pathways, in addition to its previous role.


1




     =========================================================================================================
     |                                                                                                       |
     |                      R U N   I D E N T I F I C A T I O N   I N F O R M A T I O N                      |
     |                                                                                                       |
     | INITIAL CROSS SECTION DATA                                                                            |
     | Collapsed library timestamp: 14:12:56 22 May 2019                                                     |
     | EAF source library label:    EAF-2010 175Gp THE EUROPEAN ACTI                                         |
     | FLUX file label:             Spectrum for            1                                                |
     |                                                                                                       |
     | DECAY DATA                                                                                            |
     | Condensed library timestamp: 13:31:32 22 May 2019                                                     |
     | EAF source library label:    EAF-2010                                                                 |
     |                                                                                                       |
     | THIS RUN                                                                                              |
     | timestamp:                   14:12:58 22 May 2019                                                     |
     | fileroot :                   inventory                                                                |
     | name of FILES file:          files                                                                    |
     | FISPACT title:               * Inventory calculations for XXX                                         |
     |                                                                                                       |
     | See the inventory.log file                                                                            |
     | and summary details at the end of this file for further information on files used by this run         |
     |                                                                                                       |
     =========================================================================================================






                                   -------------------------------------------------------------------------------
                                   | NB: IN FOLLOWING TABLES                                                     |
                                   |                         ? MEANS CONVERGENCE NOT REACHED FOR NUCLIDE         |
                                   |                         & MEANS GAMMA SPECTRUM IS APPROXIMATELY CALCULATED  |
                                   |                         # MEANS NUCLIDE IS STABLE                           |
                                   |                         > MEANS NUCLIDE WAS PRESENT BEFORE IRRADIATION      |
                                   -------------------------------------------------------------------------------
                                   |                                                                             |
                                   |                                                                             |
                                   V                                                                             V
1* * * * * TIME INTERVAL   1 * * * * * * * * * TIME IS   0.0000E+00 SECS * * * * * * ELAPSED TIME IS   0.000ps   * * * * * * * * * * * * * * * * * * * *
0  TOTAL CURIES   TOTAL ALPHA   TOTAL BETA    TOTAL GAMMA
                  CURIE-MeV     CURIE-MeV     CURIE-MeV
   0.00000E+00   0.00000E+00   0.00000E+00   0.00000E+00
0  ALPHA BECQUERELS = 0.000000E+00  BETA BECQUERELS = 0.000000E+00  GAMMA BECQUERELS = 0.000000E+00
0  TOTAL ACTIVITY FOR ALL MATERIALS     0.00000E+00 Bq
                                        0.00000E+00 Ci/cc           DENSITY   1.00E+00 gm/cc
   TOTAL ACTIVITY EXCLUDING TRITIUM     0.00000E+00 Bq
                                        0.00000E+00 Ci/cc
0  TOTAL ALPHA HEAT PRODUCTION          0.00000E+00 kW
   TOTAL BETA  HEAT PRODUCTION          0.00000E+00 kW
   TOTAL GAMMA HEAT PRODUCTION          0.00000E+00 kW              TOTAL HEAT PRODUCTION 0.00000E+00 kW
0  INITIAL TOTAL MASS OF MATERIAL       7.27623E-02 kg              TOTAL HEAT EX TRITIUM 0.00000E+00 kW
0  TOTAL MASS OF MATERIAL               7.27623E-02 kg
   NEUTRON  FLUX DURING INTERVAL        0.00000E+00 n/cm**2/s
0  NUMBER OF FISSIONS                   0.00000E+00                 BURN-UP OF ACTINIDES  0.00000E+00 %



                                               COMPOSITION  OF  MATERIAL  BY  ELEMENT
                                               --------------------------------------
0                                                             BETA                     GAMMA                     ALPHA
                      ATOMS      GRAM-ATOMS     GRAMS      CURIES-MeV      kW        CURIES-MeV      kW        CURIES-MeV      kW

   26       Fe      8.0247E+23   1.3325E+00   7.2762E+01   0.0000E+00   0.0000E+00   0.0000E+00   0.0000E+00   0.0000E+00   0.0000E+00
1* * * * * TIME INTERVAL   2 * * * * * * * * * TIME IS   6.3115E+07 SECS OR  2.0000E+00 YEARS * * * * * * ELAPSED TIME IS   2.000 y   * * * * * * * * *
0  TOTAL CURIES   TOTAL ALPHA   TOTAL BETA    TOTAL GAMMA
                  CURIE-MeV     CURIE-MeV     CURIE-MeV
   2.81264E-01   1.05968E-10   1.60529E-03   8.59372E-12
0  ALPHA BECQUERELS = 3.686719E+00  BETA BECQUERELS = 1.040678E+10  GAMMA BECQUERELS = 1.043862E-10
0  TOTAL ACTIVITY FOR ALL MATERIALS     1.04068E+10 Bq
                                        2.81264E-04 Ci/cc           DENSITY   1.00E+00 gm/cc
   TOTAL ACTIVITY EXCLUDING TRITIUM     4.91808E+00 Bq
                                        1.32921E-13 Ci/cc
0  TOTAL ALPHA HEAT PRODUCTION          6.28184E-16 kW
   TOTAL BETA  HEAT PRODUCTION          9.51624E-09 kW
   TOTAL GAMMA HEAT PRODUCTION          5.09440E-17 kW              TOTAL HEAT PRODUCTION 9.51624E-09 kW
0  INITIAL TOTAL MASS OF MATERIAL       7.27623E-02 kg              TOTAL HEAT EX TRITIUM 2.20785E-15 kW
0  TOTAL MASS OF MATERIAL               6.55334E-02 kg
   NEUTRON  FLUX DURING INTERVAL        1.00000E+19 n/cm**2/s
0  NUMBER OF FISSIONS                   0.00000E+00                 BURN-UP OF ACTINIDES  0.00000E+00 %
0  GAS   RATE (a decay) =  4.26963E+00 atoms per sec =  2.58224E-19 appm/sec
0  APPM OF He  4    =  4.6016E+05
   APPM OF He  3    =  2.2696E-05
   APPM OF H   3    =  3.5332E-01
   APPM OF H   2    =  9.0195E+02
   APPM OF H   1    =  5.3893E+05



                                               COMPOSITION  OF  MATERIAL  BY  ELEMENT
                                               --------------------------------------
0                                                             BETA                     GAMMA                     ALPHA
                      ATOMS      GRAM-ATOMS     GRAMS      CURIES-MeV      kW        CURIES-MeV      kW        CURIES-MeV      kW

    1       H       8.9260E+24   1.4822E+01   1.4963E+01   1.6053E-03   9.5162E-09   0.0000E+00   0.0000E+00   0.0000E+00   0.0000E+00
    2       He      7.6086E+24   1.2634E+01   5.0571E+01   1.3453E-11   7.9751E-17   4.8633E-14   2.8830E-19   0.0000E+00   0.0000E+00
    3       Li      1.9018E+06   3.1580E-18   2.1995E-17   1.9493E-10   1.1556E-15   1.0362E-12   6.1427E-18   9.8058E-11   5.8129E-16
    4       Be      1.1489E+06   1.9078E-18   1.8232E-17   1.9923E-11   1.1811E-16   6.0824E-12   3.6057E-17   7.8646E-12   4.6621E-17
    5       B       8.2719E+06   1.3736E-17   1.5114E-16   2.9569E-11   1.7529E-16   1.4205E-12   8.4209E-18   4.5164E-14   2.6773E-19
    6       C       2.4111E+06   4.0037E-18   5.1203E-17   4.6887E-15   2.7795E-20   5.9411E-15   3.5219E-20   0.0000E+00   0.0000E+00
    7       N       1.0087E+02   1.6750E-22   2.4775E-21   9.4931E-18   5.6275E-23   1.9690E-17   1.1672E-22  -3.8698E-21  -2.2940E-26



                                               GAMMA SPECTRUM AND ENERGIES/SECOND
                                               ----------------------------------

     NEUTRONS PER SECOND ARISING FROM SPONTANEOUS FISSION                    0.00000E+00    Entered density (g/cc)       1.00
     POWER FROM ALPHA PARTICLES (MeV per Second)                             3.92082E+00
     POWER FROM BETA  PARTICLES (MeV per Second)                             5.93957E+07
     TOTAL GAMMA POWER FROM ACTIVATION  (MeV per Second)                     3.17968E-01    Total gammas (per cc per second)      1.10617E-03
     GAMMA RAY POWER FROM ACTIVATION DECAY  MeV/s        ( 0.00- 0.01 MeV)   1.09811E-13    Gammas per group (per cc per second)  3.01834E-13
                                                         ( 0.01- 0.02 MeV)   7.37741E-20                                          6.75936E-20
                                                         ( 0.02- 0.05 MeV)   6.27129E-16                                          2.46254E-16
                                                         ( 0.05- 0.10 MeV)   9.72872E-18                                          1.78274E-18
                                                         ( 0.10- 0.20 MeV)   1.32357E-14                                          1.21269E-15
                                                         ( 0.20- 0.30 MeV)   2.62811E-12                                          1.44476E-13
                                                         ( 0.30- 0.40 MeV)   5.78316E-12                                          2.27086E-13
                                                         ( 0.40- 0.60 MeV)   1.88299E-06                                          5.17572E-08
                                                         ( 0.60- 0.80 MeV)   2.42401E-14                                          4.75915E-16
                                                         ( 0.80- 1.00 MeV)   3.94003E-11                                          6.01658E-13
                                                         ( 1.00- 1.22 MeV)   6.67408E-13                                          8.26345E-15
                                                         ( 1.22- 1.44 MeV)   3.29521E-09                                          3.40506E-11
                                                         ( 1.44- 1.66 MeV)   1.41769E-11                                          1.25703E-13
                                                         ( 1.66- 2.00 MeV)   7.87101E-04                                          5.91116E-06
                                                         ( 2.00- 2.50 MeV)   1.11222E-01                                          6.79364E-04
                                                         ( 2.50- 3.00 MeV)   4.26788E-04                                          2.13291E-06
                                                         ( 3.00- 4.00 MeV)   4.61865E-02                                          1.81360E-04
                                                         ( 4.00- 5.00 MeV)   1.53291E-02                                          4.68163E-05
                                                         ( 5.00- 6.50 MeV)   2.37317E-02                                          5.67224E-05
                                                         ( 6.50- 8.00 MeV)   7.05881E-02                                          1.33809E-04
                                                         ( 8.00-10.00 MeV)   3.59158E-07                                          5.48449E-10
                                                         (10.00-12.00 MeV)   0.00000E+00                                          0.00000E+00
                                                         (12.00-14.00 MeV)   0.00000E+00                                          0.00000E+00
                                                         (14.00-20.00 MeV)   0.00000E+00                                          0.00000E+00

    DOSE RATE (PLANE SOURCE) FROM GAMMAS WITH ENERGY 0-20 MeV IS            1.01654E-09 Sieverts/hour   ( 1.01654E-07 Rems/hour)




                                               DOMINANT NUCLIDES
                                               -----------------

      NUCLIDE   ACTIVITY    PERCENT  NUCLIDE     HEAT      PERCENT  NUCLIDE  DOSE RATE    PERCENT 
                  (Bq)      ACTIVITY             (kW)       HEAT              (Sv/hr)    DOSE RATE
       Total   1.0407E+10             Total   9.5162E-09             Total   1.0165E-09
    1  H   3   1.0407E+10  10.00E+01  H   3   9.5162E-09  10.00E+01  Be 11   1.0165E-09  10.00E+01
    2  Li  8   1.1609E+00  11.16E-09  Li  8   1.7415E-15  18.30E-06          0.0000E+00  00.00E+00
    3  Be 11   1.5862E-01  15.24E-10  Be 11   1.5508E-16  16.30E-07          0.0000E+00  00.00E+00
    4  C  14   2.5970E-06  24.95E-15  C  14   2.0585E-23  21.63E-14          0.0000E+00  00.00E+00
    5  Be 10   8.5752E-09  82.40E-18  Be 10   3.4651E-25  36.41E-16          0.0000E+00  00.00E+00

      NUCLIDE  GAMMA HEAT   PERCENT  NUCLIDE   BETA HEAT   PERCENT 
                  (kW)       GAMMA               (kW)       BETA
       Total   4.2191E-17             Total   9.5162E-09
    1  Be 11   3.6057E-17  85.46E+00  H   3   9.5162E-09  10.00E+01
    2  Li  8   6.1348E-18  14.54E+00  Li  8   1.1541E-15  12.13E-06
    3          0.0000E+00  00.00E+00  Be 11   1.1811E-16  12.41E-07
    4          0.0000E+00  00.00E+00  C  14   2.0585E-23  21.63E-14
    5          0.0000E+00  00.00E+00  Be 10   3.4651E-25  36.41E-16
1* * * * * TIME INTERVAL   3 * * * * * COOLING TIME IS   0.0000E+00 SECS * * * * * * ELAPSED TIME IS   0.000ps   * * * * * * * * * * * * * * * * * * * *
0  TOTAL CURIES   TOTAL ALPHA   TOTAL BETA    TOTAL GAMMA
                  CURIE-MeV     CURIE-MeV     CURIE-MeV
   2.81264E-01   1.05968E-10   1.60529E-03   8.59372E-12
0  ALPHA BECQUERELS = 3.686719E+00  BETA BECQUERELS = 1.040678E+10  GAMMA BECQUERELS = 1.043862E-10
0  TOTAL ACTIVITY FOR ALL MATERIALS     1.04068E+10 Bq
                                        2.81264E-04 Ci/cc           DENSITY   1.00E+00 gm/cc
   TOTAL ACTIVITY EXCLUDING TRITIUM     4.91808E+00 Bq
                                        1.32921E-13 Ci/cc
0  TOTAL ALPHA HEAT PRODUCTION          6.28184E-16 kW
   TOTAL BETA  HEAT PRODUCTION          9.51624E-09 kW
   TOTAL GAMMA HEAT PRODUCTION          5.09440E-17 kW              TOTAL HEAT PRODUCTION 9.51624E-09 kW
0  INITIAL TOTAL MASS OF MATERIAL       7.27623E-02 kg              TOTAL HEAT EX TRITIUM 2.20785E-15 kW
0  TOTAL MASS OF MATERIAL               6.55334E-02 kg
   NEUTRON  FLUX DURING INTERVAL        0.00000E+00 n/cm**2/s
0  NUMBER OF FISSIONS                   0.00000E+00                 BURN-UP OF ACTINIDES  0.00000E+00 %
0  GAS   RATE (a decay) =  4.26963E+00 atoms per sec =  2.58224E-19 appm/sec
0  APPM OF He  4    =  4.6016E+05
   APPM OF He  3    =  2.2696E-05
   APPM OF H   3    =  3.5332E-01
   APPM OF H   2    =  9.0195E+02
   APPM OF H   1    =  5.3893E+05



                                               COMPOSITION  OF  MATERIAL  BY  ELEMENT
                                               --------------------------------------
0                                                             BETA                     GAMMA                     ALPHA
                      ATOMS      GRAM-ATOMS     GRAMS      CURIES-MeV      kW        CURIES-MeV      kW        CURIES-MeV      kW

    1       H       8.9260E+24   1.4822E+01   1.4963E+01   1.6053E-03   9.5162E-09   0.0000E+00   0.0000E+00   0.0000E+00   0.0000E+00
    2       He      7.6086E+24   1.2634E+01   5.0571E+01   1.3453E-11   7.9751E-17   4.8633E-14   2.8830E-19   0.0000E+00   0.0000E+00
    3       Li      1.9018E+06   3.1580E-18   2.1995E-17   1.9493E-10   1.1556E-15   1.0362E-12   6.1427E-18   9.8058E-11   5.8129E-16
    4       Be      1.1489E+06   1.9078E-18   1.8232E-17   1.9923E-11   1.1811E-16   6.0824E-12   3.6057E-17   7.8646E-12   4.6621E-17
    5       B       8.2719E+06   1.3736E-17   1.5114E-16   2.9569E-11   1.7529E-16   1.4205E-12   8.4209E-18   4.5164E-14   2.6773E-19
    6       C       2.4111E+06   4.0037E-18   5.1203E-17   4.6887E-15   2.7795E-20   5.9411E-15   3.5219E-20   0.0000E+00   0.0000E+00
    7       N       1.0087E+02   1.6750E-22   2.4775E-21   9.4931E-18   5.6275E-23   1.9690E-17   1.1672E-22  -3.8698E-21  -2.2940E-26
1* * * * * TIME INTERVAL   4 * * * * * COOLING TIME IS   8.6400E+04 SECS OR  1.0000E+00 DAYS  * * * * * * ELAPSED TIME IS   1.000 d   * * * * * * * * *
0  TOTAL CURIES   TOTAL ALPHA   TOTAL BETA    TOTAL GAMMA
                  CURIE-MeV     CURIE-MeV     CURIE-MeV
   2.81221E-01   2.29361E-21   1.60504E-03   2.30004E-18
0  ALPHA BECQUERELS = 3.240431E-11  BETA BECQUERELS = 1.040518E+10  GAMMA BECQUERELS = 8.809542E-16
0  TOTAL ACTIVITY FOR ALL MATERIALS     1.04052E+10 Bq
                                        2.81221E-04 Ci/cc           DENSITY   1.00E+00 gm/cc
   TOTAL ACTIVITY EXCLUDING TRITIUM     1.90735E-06 Bq
                                        5.15500E-20 Ci/cc
0  TOTAL ALPHA HEAT PRODUCTION          1.35966E-26 kW
   TOTAL BETA  HEAT PRODUCTION          9.51477E-09 kW
   TOTAL GAMMA HEAT PRODUCTION          1.36348E-23 kW              TOTAL HEAT PRODUCTION 9.51477E-09 kW
0  INITIAL TOTAL MASS OF MATERIAL       7.27623E-02 kg              TOTAL HEAT EX TRITIUM 3.63959E-23 kW
0  TOTAL MASS OF MATERIAL               6.55334E-02 kg
   NEUTRON  FLUX DURING INTERVAL        0.00000E+00 n/cm**2/s
0  NUMBER OF FISSIONS                   0.00000E+00                 BURN-UP OF ACTINIDES  0.00000E+00 %
0  GAS   RATE (a decay) =  6.48086E-11 atoms per sec =  3.91957E-30 appm/sec
0  APPM OF He  4    =  4.6016E+05
   APPM OF He  3    =  7.7068E-05
   APPM OF H   3    =  3.5326E-01
   APPM OF H   2    =  9.0195E+02
   APPM OF H   1    =  5.3893E+05



                                               COMPOSITION  OF  MATERIAL  BY  ELEMENT
                                               --------------------------------------
0                                                             BETA                     GAMMA                     ALPHA
                      ATOMS      GRAM-ATOMS     GRAMS      CURIES-MeV      kW        CURIES-MeV      kW        CURIES-MeV      kW

    1       H       8.9260E+24   1.4822E+01   1.4963E+01   1.6050E-03   9.5148E-09   0.0000E+00   0.0000E+00   0.0000E+00   0.0000E+00
    2       He      7.6086E+24   1.2634E+01   5.0571E+01   3.5275E-23   2.0911E-28   1.2752E-25   7.5594E-31   0.0000E+00   0.0000E+00
    3       Li      1.9018E+06   3.1580E-18   2.1995E-17   5.6923E-22   3.3744E-27   3.0260E-24   1.7938E-29   2.8672E-22   1.6997E-27
    4       Be      1.1489E+06   1.9078E-18   1.8232E-17   3.1558E-19   1.8708E-24   7.8498E-20   4.6534E-25   2.0069E-21   1.1897E-26
    5       B       8.2719E+06   1.3736E-17   1.5114E-16   7.8891E-28   4.6767E-33   3.7099E-29   2.1992E-34   1.1937E-30   7.0763E-36
    6       C       2.4111E+06   4.0037E-18   5.1203E-17   3.4726E-18   2.0585E-23   4.3283E-25   2.5659E-30   0.0000E+00   0.0000E+00
    7       N       1.0110E+02   1.6788E-22   2.4827E-21   5.2390E-21   3.1057E-26   1.0889E-20   6.4552E-26  -1.3697E-30  -8.1197E-36



                                               GAMMA SPECTRUM AND ENERGIES/SECOND
                                               ----------------------------------

     NEUTRONS PER SECOND ARISING FROM SPONTANEOUS FISSION                    0.00000E+00    Entered density (g/cc)       1.00
     POWER FROM ALPHA PARTICLES (MeV per Second)                             8.48635E-11
     POWER FROM BETA  PARTICLES (MeV per Second)                             5.93865E+07
     TOTAL GAMMA POWER FROM ACTIVATION  (MeV per Second)                     8.51016E-08    Total gammas (per cc per second)      2.17815E-09
     GAMMA RAY POWER FROM ACTIVATION DECAY  MeV/s        ( 0.00- 0.01 MeV)   6.95716E-15    Gammas per group (per cc per second)  1.91230E-14
                                                         ( 0.01- 0.02 MeV)   5.90893E-25                                          5.41391E-25
                                                         ( 0.02- 0.05 MeV)   3.41837E-16                                          1.34228E-16
                                                         ( 0.05- 0.10 MeV)   1.00011E-19                                          1.83264E-20
                                                         ( 0.10- 0.20 MeV)   1.13113E-16                                          1.03637E-17
                                                         ( 0.20- 0.30 MeV)   6.00373E-14                                          3.30046E-15
                                                         ( 0.30- 0.40 MeV)   2.33903E-16                                          9.18462E-18
                                                         ( 0.40- 0.60 MeV)   7.76932E-08                                          2.13553E-09
                                                         ( 0.60- 0.80 MeV)   2.10321E-14                                          4.12932E-16
                                                         ( 0.80- 1.00 MeV)   3.44700E-12                                          5.26372E-14
                                                         ( 1.00- 1.22 MeV)   1.59878E-14                                          1.97952E-16
                                                         ( 1.22- 1.44 MeV)   1.52463E-09                                          1.57546E-11
                                                         ( 1.44- 1.66 MeV)   3.17186E-13                                          2.81239E-15
                                                         ( 1.66- 2.00 MeV)   1.22045E-11                                          9.16561E-14
                                                         ( 2.00- 2.50 MeV)   1.43670E-09                                          8.77562E-12
                                                         ( 2.50- 3.00 MeV)   2.97516E-09                                          1.48686E-11
                                                         ( 3.00- 4.00 MeV)   2.36124E-12                                          9.27183E-15
                                                         ( 4.00- 5.00 MeV)   1.91090E-10                                          5.83604E-13
                                                         ( 5.00- 6.50 MeV)   3.03472E-10                                          7.25343E-13
                                                         ( 6.50- 8.00 MeV)   9.11001E-10                                          1.72693E-12
                                                         ( 8.00-10.00 MeV)   2.63731E-17                                          4.02729E-20
                                                         (10.00-12.00 MeV)   0.00000E+00                                          0.00000E+00
                                                         (12.00-14.00 MeV)   0.00000E+00                                          0.00000E+00
                                                         (14.00-20.00 MeV)   0.00000E+00                                          0.00000E+00

    DOSE RATE (PLANE SOURCE) FROM GAMMAS WITH ENERGY 0-20 MeV IS            0.00000E+00 Sieverts/hour   ( 0.00000E+00 Rems/hour)




                                               DOMINANT NUCLIDES
                                               -----------------

      NUCLIDE   ACTIVITY    PERCENT  NUCLIDE     HEAT      PERCENT  NUCLIDE  DOSE RATE    PERCENT 
                  (Bq)      ACTIVITY             (kW)       HEAT              (Sv/hr)    DOSE RATE
       Total   1.0405E+10             Total   9.5148E-09             Total   0.0000E+00
    1  H   3   1.0405E+10  10.00E+01  H   3   9.5148E-09  10.00E+01          0.0000E+00  00.00E+00
    2  C  14   2.5970E-06  24.96E-15  C  14   2.0585E-23  21.64E-14          0.0000E+00  00.00E+00
    3  Be 10   8.5752E-09  82.41E-18  Be 10   3.4651E-25  36.42E-16          0.0000E+00  00.00E+00

      NUCLIDE  GAMMA HEAT   PERCENT  NUCLIDE   BETA HEAT   PERCENT 
                  (kW)       GAMMA               (kW)       BETA
       Total   0.0000E+00             Total   9.5148E-09
    1          0.0000E+00  00.00E+00  H   3   9.5148E-09  10.00E+01
    2          0.0000E+00  00.00E+00  C  14   2.0585E-23  21.64E-14
    3          0.0000E+00  00.00E+00  Be 10   3.4651E-25  36.42E-16
1* * * * * TIME INTERVAL   5 * * * * * COOLING TIME IS   9.5040E+05 SECS OR  1.1000E+01 DAYS  * * * * * * ELAPSED TIME IS  12.000 d   * * * * * * * * *
0  TOTAL CURIES   TOTAL ALPHA   TOTAL BETA    TOTAL GAMMA
                  CURIE-MeV     CURIE-MeV     CURIE-MeV
   2.80745E-01   2.64993E-21   1.60233E-03   9.59644E-19
0  ALPHA BECQUERELS = 3.743379E-11  BETA BECQUERELS = 1.038758E+10  GAMMA BECQUERELS = 7.848632E-16
0  TOTAL ACTIVITY FOR ALL MATERIALS     1.03876E+10 Bq
                                        2.80745E-04 Ci/cc           DENSITY   1.00E+00 gm/cc
   TOTAL ACTIVITY EXCLUDING TRITIUM     1.90735E-06 Bq
                                        5.15500E-20 Ci/cc
0  TOTAL ALPHA HEAT PRODUCTION          1.57089E-26 kW
   TOTAL BETA  HEAT PRODUCTION          9.49867E-09 kW
   TOTAL GAMMA HEAT PRODUCTION          5.68882E-24 kW              TOTAL HEAT PRODUCTION 9.49867E-09 kW
0  INITIAL TOTAL MASS OF MATERIAL       7.27623E-02 kg              TOTAL HEAT EX TRITIUM 2.81241E-23 kW
0  TOTAL MASS OF MATERIAL               6.55334E-02 kg
   NEUTRON  FLUX DURING INTERVAL        0.00000E+00 n/cm**2/s
0  NUMBER OF FISSIONS                   0.00000E+00                 BURN-UP OF ACTINIDES  0.00000E+00 %
0  GAS   RATE (a decay) =  7.48676E-11 atoms per sec =  4.52793E-30 appm/sec
0  APPM OF He  4    =  4.6016E+05
   APPM OF He  3    =  6.7464E-04
   APPM OF H   3    =  3.5266E-01
   APPM OF H   2    =  9.0195E+02
   APPM OF H   1    =  5.3893E+05



                                               COMPOSITION  OF  MATERIAL  BY  ELEMENT
                                               --------------------------------------
0                                                             BETA                     GAMMA                     ALPHA
                      ATOMS      GRAM-ATOMS     GRAMS      CURIES-MeV      kW        CURIES-MeV      kW        CURIES-MeV      kW

    1       H       8.9260E+24   1.4822E+01   1.4963E+01   1.6023E-03   9.4987E-09   0.0000E+00   0.0000E+00   0.0000E+00   0.0000E+00
    2       He      7.6086E+24   1.2634E+01   5.0571E+01   4.0816E-23   2.4196E-28   1.4755E-25   8.7467E-31   0.0000E+00   0.0000E+00
    3       Li      1.9018E+06   3.1580E-18   2.1995E-17   6.5864E-22   3.9044E-27   3.5013E-24   2.0756E-29   3.3175E-22   1.9666E-27
    4       Be      1.1489E+06   1.9078E-18   1.8232E-17   3.5546E-19   2.1072E-24   9.0674E-20   5.3752E-25   2.3182E-21   1.3742E-26
    5       B       8.2719E+06   1.3736E-17   1.5114E-16   9.1323E-28   5.4137E-33   4.2943E-29   2.5457E-34   1.3818E-30   8.1912E-36
    6       C       2.4111E+06   4.0037E-18   5.1203E-17   3.4725E-18   2.0585E-23   5.0071E-25   2.9683E-30   0.0000E+00   0.0000E+00
    7       N       1.0357E+02   1.7198E-22   2.5401E-21   5.6014E-21   3.3205E-26   1.1642E-20   6.9017E-26  -1.5842E-30  -9.3910E-36



                                               GAMMA SPECTRUM AND ENERGIES/SECOND
                                               ----------------------------------

     NEUTRONS PER SECOND ARISING FROM SPONTANEOUS FISSION                    0.00000E+00    Entered density (g/cc)       1.00
     POWER FROM ALPHA PARTICLES (MeV per Second)                             9.80473E-11
     POWER FROM BETA  PARTICLES (MeV per Second)                             5.92861E+07
     TOTAL GAMMA POWER FROM ACTIVATION  (MeV per Second)                     3.55068E-08    Total gammas (per cc per second)      8.96682E-10
     GAMMA RAY POWER FROM ACTIVATION DECAY  MeV/s        ( 0.00- 0.01 MeV)   2.87230E-15    Gammas per group (per cc per second)  7.89502E-15
                                                         ( 0.01- 0.02 MeV)   2.70461E-25                                          2.47803E-25
                                                         ( 0.02- 0.05 MeV)   1.39510E-26                                          5.47809E-27
                                                         ( 0.05- 0.10 MeV)   8.18396E-20                                          1.49967E-20
                                                         ( 0.10- 0.20 MeV)   9.97645E-17                                          9.14068E-18
                                                         ( 0.20- 0.30 MeV)   4.34369E-14                                          2.38788E-15
                                                         ( 0.30- 0.40 MeV)   1.94958E-16                                          7.65536E-18
                                                         ( 0.40- 0.60 MeV)   3.21034E-08                                          8.82417E-10
                                                         ( 0.60- 0.80 MeV)   3.89040E-15                                          7.63817E-17
                                                         ( 0.80- 1.00 MeV)   7.11866E-13                                          1.08705E-14
                                                         ( 1.00- 1.22 MeV)   3.80430E-14                                          4.71027E-16
                                                         ( 1.22- 1.44 MeV)   4.66144E-11                                          4.81683E-13
                                                         ( 1.44- 1.66 MeV)   2.30109E-13                                          2.04030E-15
                                                         ( 1.66- 2.00 MeV)   1.21509E-11                                          9.12538E-14
                                                         ( 2.00- 2.50 MeV)   1.65834E-09                                          1.01294E-11
                                                         ( 2.50- 3.00 MeV)   6.40687E-12                                          3.20189E-14
                                                         ( 3.00- 4.00 MeV)   5.36947E-15                                          2.10842E-17
                                                         ( 4.00- 5.00 MeV)   2.20685E-10                                          6.73990E-13
                                                         ( 5.00- 6.50 MeV)   3.50542E-10                                          8.37849E-13
                                                         ( 6.50- 8.00 MeV)   1.05230E-09                                          1.99479E-12
                                                         ( 8.00-10.00 MeV)   3.05090E-17                                          4.65885E-20
                                                         (10.00-12.00 MeV)   0.00000E+00                                          0.00000E+00
                                                         (12.00-14.00 MeV)   0.00000E+00                                          0.00000E+00
                                                         (14.00-20.00 MeV)   0.00000E+00                                          0.00000E+00

    DOSE RATE (PLANE SOURCE) FROM GAMMAS WITH ENERGY 0-20 MeV IS            0.00000E+00 Sieverts/hour   ( 0.00000E+00 Rems/hour)




                                               DOMINANT NUCLIDES
                                               -----------------

      NUCLIDE   ACTIVITY    PERCENT  NUCLIDE     HEAT      PERCENT  NUCLIDE  DOSE RATE    PERCENT 
                  (Bq)      ACTIVITY             (kW)       HEAT              (Sv/hr)    DOSE RATE
       Total   1.0388E+10             Total   9.4987E-09             Total   0.0000E+00
    1  H   3   1.0388E+10  10.00E+01  H   3   9.4987E-09  10.00E+01          0.0000E+00  00.00E+00
    2  C  14   2.5969E-06  25.00E-15  C  14   2.0585E-23  21.67E-14          0.0000E+00  00.00E+00
    3  Be 10   8.5752E-09  82.55E-18  Be 10   3.4651E-25  36.48E-16          0.0000E+00  00.00E+00

      NUCLIDE  GAMMA HEAT   PERCENT  NUCLIDE   BETA HEAT   PERCENT 
                  (kW)       GAMMA               (kW)       BETA
       Total   0.0000E+00             Total   9.4987E-09
    1          0.0000E+00  00.00E+00  H   3   9.4987E-09  10.00E+01
    2          0.0000E+00  00.00E+00  C  14   2.0585E-23  21.67E-14
    3          0.0000E+00  00.00E+00  Be 10   3.4651E-25  36.48E-16
1* * * * * TIME INTERVAL   6 * * * * * COOLING TIME IS   1.5552E+06 SECS OR  1.8000E+01 DAYS  * * * * * * ELAPSED TIME IS  30.000 d   * * * * * * * * *
0  TOTAL CURIES   TOTAL ALPHA   TOTAL BETA    TOTAL GAMMA
                  CURIE-MeV     CURIE-MeV     CURIE-MeV
   2.79969E-01   4.41829E-29   1.59789E-03   3.25525E-21
0  ALPHA BECQUERELS = 6.758144E-19  BETA BECQUERELS = 1.035884E+10  GAMMA BECQUERELS = 2.020841E-19
0  TOTAL ACTIVITY FOR ALL MATERIALS     1.03588E+10 Bq
                                        2.79969E-04 Ci/cc           DENSITY   1.00E+00 gm/cc
   TOTAL ACTIVITY EXCLUDING TRITIUM     1.90735E-06 Bq
                                        5.15500E-20 Ci/cc
0  TOTAL ALPHA HEAT PRODUCTION          2.61918E-34 kW
   TOTAL BETA  HEAT PRODUCTION          9.47240E-09 kW
   TOTAL GAMMA HEAT PRODUCTION          1.92973E-26 kW              TOTAL HEAT PRODUCTION 9.47240E-09 kW
0  INITIAL TOTAL MASS OF MATERIAL       7.27623E-02 kg              TOTAL HEAT EX TRITIUM 1.98523E-23 kW
0  TOTAL MASS OF MATERIAL               6.55334E-02 kg
   NEUTRON  FLUX DURING INTERVAL        0.00000E+00 n/cm**2/s
0  NUMBER OF FISSIONS                   0.00000E+00                 BURN-UP OF ACTINIDES  0.00000E+00 %
0  GAS   RATE (a decay) =  1.35163E-18 atoms per sec =  8.17454E-38 appm/sec
0  APPM OF He  4    =  4.6016E+05
   APPM OF He  3    =  1.6503E-03
   APPM OF H   3    =  3.5169E-01
   APPM OF H   2    =  9.0195E+02
   APPM OF H   1    =  5.3893E+05



                                               COMPOSITION  OF  MATERIAL  BY  ELEMENT
                                               --------------------------------------
0                                                             BETA                     GAMMA                     ALPHA
                      ATOMS      GRAM-ATOMS     GRAMS      CURIES-MeV      kW        CURIES-MeV      kW        CURIES-MeV      kW

    1       H       8.9260E+24   1.4822E+01   1.4963E+01   1.5979E-03   9.4724E-09   0.0000E+00   0.0000E+00   0.0000E+00   0.0000E+00
    2       He      7.6086E+24   1.2634E+01   5.0571E+01   2.6682E-33   1.5817E-38   9.6454E-36   5.7179E-41   0.0000E+00   0.0000E+00
    3       Li      1.9018E+06   3.1580E-18   2.1995E-17   4.6301E-32   2.7447E-37   2.4613E-34   1.4591E-39   2.3321E-32   1.3825E-37
    4       Be      1.1489E+06   1.9078E-18   1.8232E-17   5.8453E-20   3.4651E-25   1.7273E-27   1.0239E-32   4.4160E-29   2.6178E-34
    5       B       8.2719E+06   1.3736E-17   1.5114E-16   2.8266E-41   1.6756E-46   1.3028E-42   7.7231E-48   4.2397E-44   2.5133E-49
    6       C       2.4111E+06   4.0037E-18   5.1203E-17   3.4725E-18   2.0585E-23   3.0054E-34   1.7816E-39   0.0000E+00   0.0000E+00
    7       N       1.0760E+02   1.7868E-22   2.6340E-21   1.8056E-25   1.0704E-30   3.7529E-25   2.2247E-30  -2.6615E-39  -1.5778E-44



                                               GAMMA SPECTRUM AND ENERGIES/SECOND
                                               ----------------------------------

     NEUTRONS PER SECOND ARISING FROM SPONTANEOUS FISSION                    0.00000E+00    Entered density (g/cc)       1.00
     POWER FROM ALPHA PARTICLES (MeV per Second)                             1.63477E-18
     POWER FROM BETA  PARTICLES (MeV per Second)                             5.91221E+07
     TOTAL GAMMA POWER FROM ACTIVATION  (MeV per Second)                     1.20444E-10    Total gammas (per cc per second)      1.73743E-12
     GAMMA RAY POWER FROM ACTIVATION DECAY  MeV/s        ( 0.00- 0.01 MeV)   3.88339E-17    Gammas per group (per cc per second)  1.06742E-16
                                                         ( 0.01- 0.02 MeV)   1.68402E-31                                          1.54294E-31
                                                         ( 0.02- 0.05 MeV)   8.34391E-18                                          3.27639E-18
                                                         ( 0.05- 0.10 MeV)   3.15359E-23                                          5.77879E-24
                                                         ( 0.10- 0.20 MeV)   3.07129E-20                                          2.81399E-21
                                                         ( 0.20- 0.30 MeV)   2.38883E-17                                          1.31322E-18
                                                         ( 0.30- 0.40 MeV)   2.34266E-18                                          9.19888E-20
                                                         ( 0.40- 0.60 MeV)   3.66352E-11                                          1.00698E-12
                                                         ( 0.60- 0.80 MeV)   1.82940E-16                                          3.59173E-18
                                                         ( 0.80- 1.00 MeV)   4.94650E-16                                          7.55350E-18
                                                         ( 1.00- 1.22 MeV)   1.46531E-15                                          1.81426E-17
                                                         ( 1.22- 1.44 MeV)   5.83780E-11                                          6.03241E-13
                                                         ( 1.44- 1.66 MeV)   1.65625E-16                                          1.46854E-18
                                                         ( 1.66- 2.00 MeV)   5.36599E-16                                          4.02988E-18
                                                         ( 2.00- 2.50 MeV)   3.71203E-17                                          2.26737E-19
                                                         ( 2.50- 3.00 MeV)   2.54078E-11                                          1.26978E-13
                                                         ( 3.00- 4.00 MeV)   1.99999E-14                                          7.85332E-17
                                                         ( 4.00- 5.00 MeV)   3.33054E-16                                          1.01718E-18
                                                         ( 5.00- 6.50 MeV)   6.67725E-18                                          1.59596E-20
                                                         ( 6.50- 8.00 MeV)   2.00456E-17                                          3.79992E-20
                                                         ( 8.00-10.00 MeV)   1.94318E-26                                          2.96732E-29
                                                         (10.00-12.00 MeV)   0.00000E+00                                          0.00000E+00
                                                         (12.00-14.00 MeV)   0.00000E+00                                          0.00000E+00
                                                         (14.00-20.00 MeV)   0.00000E+00                                          0.00000E+00

    DOSE RATE (PLANE SOURCE) FROM GAMMAS WITH ENERGY 0-20 MeV IS            0.00000E+00 Sieverts/hour   ( 0.00000E+00 Rems/hour)




                                               DOMINANT NUCLIDES
                                               -----------------

      NUCLIDE   ACTIVITY    PERCENT  NUCLIDE     HEAT      PERCENT  NUCLIDE  DOSE RATE    PERCENT 
                  (Bq)      ACTIVITY             (kW)       HEAT              (Sv/hr)    DOSE RATE
       Total   1.0359E+10             Total   9.4724E-09             Total   0.0000E+00
    1  H   3   1.0359E+10  10.00E+01  H   3   9.4724E-09  10.00E+01          0.0000E+00  00.00E+00
    2  C  14   2.5969E-06  25.07E-15  C  14   2.0585E-23  21.73E-14          0.0000E+00  00.00E+00
    3  Be 10   8.5752E-09  82.78E-18  Be 10   3.4651E-25  36.58E-16          0.0000E+00  00.00E+00

      NUCLIDE  GAMMA HEAT   PERCENT  NUCLIDE   BETA HEAT   PERCENT 
                  (kW)       GAMMA               (kW)       BETA
       Total   0.0000E+00             Total   9.4724E-09
    1          0.0000E+00  00.00E+00  H   3   9.4724E-09  10.00E+01
    2          0.0000E+00  00.00E+00  C  14   2.0585E-23  21.73E-14
    3          0.0000E+00  00.00E+00  Be 10   3.4651E-25  36.58E-16
1* * * * * TIME INTERVAL   7 * * * * * COOLING TIME IS   2.5920E+06 SECS OR  3.0000E+01 DAYS  * * * * * * ELAPSED TIME IS  60.000 d   * * * * * * * * *
0  TOTAL CURIES   TOTAL ALPHA   TOTAL BETA    TOTAL GAMMA
                  CURIE-MeV     CURIE-MeV     CURIE-MeV
   2.78679E-01   1.48726E-43   1.59053E-03   2.08157E-21
0  ALPHA BECQUERELS = 7.531155E-38  BETA BECQUERELS = 1.031112E+10  GAMMA BECQUERELS = 3.698951E-22
0  TOTAL ACTIVITY FOR ALL MATERIALS     1.03111E+10 Bq
                                        2.78679E-04 Ci/cc           DENSITY   1.00E+00 gm/cc
   TOTAL ACTIVITY EXCLUDING TRITIUM     1.90735E-06 Bq
                                        5.15500E-20 Ci/cc
0  TOTAL ALPHA HEAT PRODUCTION          8.81658E-49 kW
   TOTAL BETA  HEAT PRODUCTION          9.42876E-09 kW
   TOTAL GAMMA HEAT PRODUCTION          1.23397E-26 kW              TOTAL HEAT PRODUCTION 9.42876E-09 kW
0  INITIAL TOTAL MASS OF MATERIAL       7.27623E-02 kg              TOTAL HEAT EX TRITIUM 1.98523E-23 kW
0  TOTAL MASS OF MATERIAL               6.55334E-02 kg
   NEUTRON  FLUX DURING INTERVAL        0.00000E+00 n/cm**2/s
0  NUMBER OF FISSIONS                   0.00000E+00                 BURN-UP OF ACTINIDES  0.00000E+00 %
0  GAS   RATE (a decay) =  1.50623E-37 atoms per sec =  9.10956E-57 appm/sec
0  APPM OF He  4    =  4.6016E+05
   APPM OF He  3    =  3.2704E-03
   APPM OF H   3    =  3.5007E-01
   APPM OF H   2    =  9.0195E+02
   APPM OF H   1    =  5.3893E+05



                                               COMPOSITION  OF  MATERIAL  BY  ELEMENT
                                               --------------------------------------
0                                                             BETA                     GAMMA                     ALPHA
                      ATOMS      GRAM-ATOMS     GRAMS      CURIES-MeV      kW        CURIES-MeV      kW        CURIES-MeV      kW

    1       H       8.9260E+24   1.4822E+01   1.4963E+01   1.5905E-03   9.4288E-09   0.0000E+00   0.0000E+00   0.0000E+00   0.0000E+00
    2       He      7.6086E+24   1.2634E+01   5.0571E+01  -2.7051E-38  -1.6036E-43  -9.7788E-41  -5.7969E-46   0.0000E+00   0.0000E+00
    3       Li      1.9018E+06   3.1580E-18   2.1995E-17  -4.8677E-37  -2.8856E-42  -2.5876E-39  -1.5340E-44  -2.4519E-37  -1.4535E-42
    4       Be      1.1489E+06   1.9078E-18   1.8232E-17   5.8453E-20   3.4651E-25  -2.9911E-31  -1.7732E-36  -7.6472E-33  -4.5333E-38
    5       B       8.2719E+06   1.3736E-17   1.5114E-16  -6.2559E-48  -3.7085E-53  -2.8484E-49  -1.6886E-54  -9.3341E-51  -5.5333E-56
    6       C       2.4111E+06   4.0037E-18   5.1203E-17   3.4725E-18   2.0585E-23  -9.2334E-39  -5.4736E-44   0.0000E+00   0.0000E+00
    7       N       1.1434E+02   1.8986E-22   2.7905E-21  -1.3239E-27  -7.8482E-33  -2.7517E-27  -1.6312E-32   1.3389E-43   7.9372E-49



                                               GAMMA SPECTRUM AND ENERGIES/SECOND
                                               ----------------------------------

     NEUTRONS PER SECOND ARISING FROM SPONTANEOUS FISSION                    0.00000E+00    Entered density (g/cc)       1.00
     POWER FROM ALPHA PARTICLES (MeV per Second)                             5.50288E-33
     POWER FROM BETA  PARTICLES (MeV per Second)                             5.88497E+07
     TOTAL GAMMA POWER FROM ACTIVATION  (MeV per Second)                     7.70182E-11    Total gammas (per cc per second)      1.34954E-12
     GAMMA RAY POWER FROM ACTIVATION DECAY  MeV/s        ( 0.00- 0.01 MeV)   3.75634E-17    Gammas per group (per cc per second)  1.03250E-16
                                                         ( 0.01- 0.02 MeV)   6.11301E-29                                          5.60089E-29
                                                         ( 0.02- 0.05 MeV)   2.68323E-55                                          1.05362E-55
                                                         ( 0.05- 0.10 MeV)   6.83119E-35                                          1.25178E-35
                                                         ( 0.10- 0.20 MeV)   1.81647E-20                                          1.66430E-21
                                                         ( 0.20- 0.30 MeV)   8.99651E-20                                          4.94569E-21
                                                         ( 0.30- 0.40 MeV)   3.68581E-18                                          1.44730E-19
                                                         ( 0.40- 0.60 MeV)   3.22721E-11                                          8.87056E-13
                                                         ( 0.60- 0.80 MeV)   4.94075E-18                                          9.70038E-20
                                                         ( 0.80- 1.00 MeV)   2.70378E-16                                          4.12878E-18
                                                         ( 1.00- 1.22 MeV)   3.55244E-18                                          4.39842E-20
                                                         ( 1.22- 1.44 MeV)   4.47455E-11                                          4.62372E-13
                                                         ( 1.44- 1.66 MeV)   9.44477E-19                                          8.37439E-21
                                                         ( 1.66- 2.00 MeV)   1.57408E-16                                          1.18214E-18
                                                         ( 2.00- 2.50 MeV)   9.86966E-17                                          6.02855E-19
                                                         ( 2.50- 3.00 MeV)   1.67631E-17                                          8.37752E-20
                                                         ( 3.00- 4.00 MeV)   1.80433E-18                                          7.08501E-21
                                                         ( 4.00- 5.00 MeV)   1.56785E-28                                          4.78834E-31
                                                         ( 5.00- 6.50 MeV)   3.12827E-31                                          7.47703E-34
                                                         ( 6.50- 8.00 MeV)   0.00000E+00                                          0.00000E+00
                                                         ( 8.00-10.00 MeV)   0.00000E+00                                          0.00000E+00
                                                         (10.00-12.00 MeV)   0.00000E+00                                          0.00000E+00
                                                         (12.00-14.00 MeV)   0.00000E+00                                          0.00000E+00
                                                         (14.00-20.00 MeV)   0.00000E+00                                          0.00000E+00

    DOSE RATE (PLANE SOURCE) FROM GAMMAS WITH ENERGY 0-20 MeV IS            0.00000E+00 Sieverts/hour   ( 0.00000E+00 Rems/hour)




                                               DOMINANT NUCLIDES
                                               -----------------

      NUCLIDE   ACTIVITY    PERCENT  NUCLIDE     HEAT      PERCENT  NUCLIDE  DOSE RATE    PERCENT 
                  (Bq)      ACTIVITY             (kW)       HEAT              (Sv/hr)    DOSE RATE
       Total   1.0311E+10             Total   9.4288E-09             Total   0.0000E+00
    1  H   3   1.0311E+10  10.00E+01  H   3   9.4288E-09  10.00E+01          0.0000E+00  00.00E+00
    2  C  14   2.5969E-06  25.19E-15  C  14   2.0585E-23  21.83E-14          0.0000E+00  00.00E+00
    3  Be 10   8.5752E-09  83.16E-18  Be 10   3.4651E-25  36.75E-16          0.0000E+00  00.00E+00

      NUCLIDE  GAMMA HEAT   PERCENT  NUCLIDE   BETA HEAT   PERCENT 
                  (kW)       GAMMA               (kW)       BETA
       Total   0.0000E+00             Total   9.4288E-09
    1          0.0000E+00  00.00E+00  H   3   9.4288E-09  10.00E+01
    2          0.0000E+00  00.00E+00  C  14   2.0585E-23  21.83E-14
    3          0.0000E+00  00.00E+00  Be 10   3.4651E-25  36.75E-16
1* * * * * TIME INTERVAL   8 * * * * * COOLING TIME IS   1.0595E+07 SECS OR  1.2262E+02 DAYS  * * * * * * ELAPSED TIME IS 182.625 d   * * * * * * * * *
0  TOTAL CURIES   TOTAL ALPHA   TOTAL BETA    TOTAL GAMMA
                  CURIE-MeV     CURIE-MeV     CURIE-MeV
   2.73469E-01   3.55629E-38   1.56079E-03   1.93144E-21
0  ALPHA BECQUERELS = 5.441407E-28  BETA BECQUERELS = 1.011834E+10  GAMMA BECQUERELS = 2.925193E-24
0  TOTAL ACTIVITY FOR ALL MATERIALS     1.01183E+10 Bq
                                        2.73469E-04 Ci/cc           DENSITY   1.00E+00 gm/cc
   TOTAL ACTIVITY EXCLUDING TRITIUM     1.90735E-06 Bq
                                        5.15500E-20 Ci/cc
0  TOTAL ALPHA HEAT PRODUCTION          2.10819E-43 kW
   TOTAL BETA  HEAT PRODUCTION          9.25247E-09 kW
   TOTAL GAMMA HEAT PRODUCTION          1.14497E-26 kW              TOTAL HEAT PRODUCTION 9.25247E-09 kW
0  INITIAL TOTAL MASS OF MATERIAL       7.27623E-02 kg              TOTAL HEAT EX TRITIUM 1.98523E-23 kW
0  TOTAL MASS OF MATERIAL               6.55334E-02 kg
   NEUTRON  FLUX DURING INTERVAL        0.00000E+00 n/cm**2/s
0  NUMBER OF FISSIONS                   0.00000E+00                 BURN-UP OF ACTINIDES  0.00000E+00 %
0  GAS   RATE (a decay) =  1.08828E-27 atoms per sec =  6.58183E-47 appm/sec
0  APPM OF He  4    =  4.6016E+05
   APPM OF He  3    =  9.8156E-03
   APPM OF H   3    =  3.4352E-01
   APPM OF H   2    =  9.0195E+02
   APPM OF H   1    =  5.3893E+05



                                               COMPOSITION  OF  MATERIAL  BY  ELEMENT
                                               --------------------------------------
0                                                             BETA                     GAMMA                     ALPHA
                      ATOMS      GRAM-ATOMS     GRAMS      CURIES-MeV      kW        CURIES-MeV      kW        CURIES-MeV      kW

    1       H       8.9260E+24   1.4822E+01   1.4963E+01   1.5608E-03   9.2525E-09   0.0000E+00   0.0000E+00   0.0000E+00   0.0000E+00
    2       He      7.6086E+24   1.2634E+01   5.0571E+01   7.3614E-45   4.3638E-50   2.6611E-47   1.5775E-52   0.0000E+00   0.0000E+00
    3       Li      1.9018E+06   3.1580E-18   2.1995E-17   1.3737E-43   8.1431E-49   7.3022E-46   4.3288E-51   6.9191E-44   4.1017E-49
    4       Be      1.1489E+06   1.9078E-18   1.8232E-17   5.8453E-20   3.4651E-25   1.3910E-36   8.2460E-42   3.5563E-38   2.1082E-43
    5       B       8.2719E+06   1.3736E-17   1.5114E-16   3.7257E-56   2.2086E-61   1.6731E-57   9.9180E-63   5.5261E-59   3.2759E-64
    6       C       2.4110E+06   4.0036E-18   5.1202E-17   3.4723E-18   2.0584E-23   7.6148E-45   4.5141E-50   0.0000E+00   0.0000E+00
    7       N       1.4185E+02   2.3555E-22   3.4303E-21   2.6641E-31   1.5793E-36   5.5374E-31   3.2826E-36  -1.7522E-49  -1.0387E-54



                                               GAMMA SPECTRUM AND ENERGIES/SECOND
                                               ----------------------------------

     NEUTRONS PER SECOND ARISING FROM SPONTANEOUS FISSION                    0.00000E+00    Entered density (g/cc)       1.00
     POWER FROM ALPHA PARTICLES (MeV per Second)                             1.31583E-27
     POWER FROM BETA  PARTICLES (MeV per Second)                             5.77494E+07
     TOTAL GAMMA POWER FROM ACTIVATION  (MeV per Second)                     7.14635E-11    Total gammas (per cc per second)      1.24108E-12
     GAMMA RAY POWER FROM ACTIVATION DECAY  MeV/s        ( 0.00- 0.01 MeV)   3.43231E-17    Gammas per group (per cc per second)  9.43430E-17
                                                         ( 0.01- 0.02 MeV)   5.17220E-39                                          4.73889E-39
                                                         ( 0.02- 0.05 MeV)   1.95150E-19                                          7.66290E-20
                                                         ( 0.05- 0.10 MeV)   7.59305E-28                                          1.39139E-28
                                                         ( 0.10- 0.20 MeV)   9.01158E-23                                          8.25663E-24
                                                         ( 0.20- 0.30 MeV)   2.11092E-21                                          1.16045E-22
                                                         ( 0.30- 0.40 MeV)   1.16321E-18                                          4.56754E-20
                                                         ( 0.40- 0.60 MeV)   2.95112E-11                                          8.11167E-13
                                                         ( 0.60- 0.80 MeV)   5.05192E-18                                          9.91864E-20
                                                         ( 0.80- 1.00 MeV)   1.29105E-17                                          1.97148E-19
                                                         ( 1.00- 1.22 MeV)   1.14202E-18                                          1.41398E-20
                                                         ( 1.22- 1.44 MeV)   4.12606E-11                                          4.26361E-13
                                                         ( 1.44- 1.66 MeV)   5.67583E-19                                          5.03259E-21
                                                         ( 1.66- 2.00 MeV)   1.25455E-17                                          9.42174E-20
                                                         ( 2.00- 2.50 MeV)   5.84384E-22                                          3.56952E-24
                                                         ( 2.50- 3.00 MeV)   6.91022E-13                                          3.45344E-15
                                                         ( 3.00- 4.00 MeV)   5.43935E-16                                          2.13586E-18
                                                         ( 4.00- 5.00 MeV)   8.94371E-18                                          2.73148E-20
                                                         ( 5.00- 6.50 MeV)   5.48745E-27                                          1.31158E-29
                                                         ( 6.50- 8.00 MeV)   1.61433E-26                                          3.06018E-29
                                                         ( 8.00-10.00 MeV)   7.32768E-37                                          1.11897E-39
                                                         (10.00-12.00 MeV)   0.00000E+00                                          0.00000E+00
                                                         (12.00-14.00 MeV)   0.00000E+00                                          0.00000E+00
                                                         (14.00-20.00 MeV)   0.00000E+00                                          0.00000E+00

    DOSE RATE (PLANE SOURCE) FROM GAMMAS WITH ENERGY 0-20 MeV IS            0.00000E+00 Sieverts/hour   ( 0.00000E+00 Rems/hour)




                                               DOMINANT NUCLIDES
                                               -----------------

      NUCLIDE   ACTIVITY    PERCENT  NUCLIDE     HEAT      PERCENT  NUCLIDE  DOSE RATE    PERCENT 
                  (Bq)      ACTIVITY             (kW)       HEAT              (Sv/hr)    DOSE RATE
       Total   1.0118E+10             Total   9.2525E-09             Total   0.0000E+00
    1  H   3   1.0118E+10  10.00E+01  H   3   9.2525E-09  10.00E+01          0.0000E+00  00.00E+00
    2  C  14   2.5968E-06  25.66E-15  C  14   2.0584E-23  22.25E-14          0.0000E+00  00.00E+00
    3  Be 10   8.5752E-09  84.75E-18  Be 10   3.4651E-25  37.45E-16          0.0000E+00  00.00E+00

      NUCLIDE  GAMMA HEAT   PERCENT  NUCLIDE   BETA HEAT   PERCENT 
                  (kW)       GAMMA               (kW)       BETA
       Total   0.0000E+00             Total   9.2525E-09
    1          0.0000E+00  00.00E+00  H   3   9.2525E-09  10.00E+01
    2          0.0000E+00  00.00E+00  C  14   2.0584E-23  22.25E-14
    3          0.0000E+00  00.00E+00  Be 10   3.4651E-25  37.45E-16
1* * * * * TIME INTERVAL   9 * * * * * COOLING TIME IS   1.5779E+07 SECS OR  1.8262E+02 DAYS  * * * * * * ELAPSED TIME IS   1.000 y   * * * * * * * * *
0  TOTAL CURIES   TOTAL ALPHA   TOTAL BETA    TOTAL GAMMA
                  CURIE-MeV     CURIE-MeV     CURIE-MeV
   2.65889E-01   1.43148E-44   1.51753E-03   1.66598E-21
0  ALPHA BECQUERELS = 2.190283E-34  BETA BECQUERELS = 9.837878E+09  GAMMA BECQUERELS = 1.622870E-28
0  TOTAL ACTIVITY FOR ALL MATERIALS     9.83788E+09 Bq
                                        2.65889E-04 Ci/cc           DENSITY   1.00E+00 gm/cc
   TOTAL ACTIVITY EXCLUDING TRITIUM     1.90735E-06 Bq
                                        5.15500E-20 Ci/cc
0  TOTAL ALPHA HEAT PRODUCTION          8.48590E-50 kW
   TOTAL BETA  HEAT PRODUCTION          8.99601E-09 kW
   TOTAL GAMMA HEAT PRODUCTION          9.87604E-27 kW              TOTAL HEAT PRODUCTION 8.99601E-09 kW
0  INITIAL TOTAL MASS OF MATERIAL       7.27623E-02 kg              TOTAL HEAT EX TRITIUM 1.98523E-23 kW
0  TOTAL MASS OF MATERIAL               6.55334E-02 kg
   NEUTRON  FLUX DURING INTERVAL        0.00000E+00 n/cm**2/s
0  NUMBER OF FISSIONS                   0.00000E+00                 BURN-UP OF ACTINIDES  0.00000E+00 %
0  GAS   RATE (a decay) =  4.38057E-34 atoms per sec =  2.64933E-53 appm/sec
0  APPM OF He  4    =  4.6016E+05
   APPM OF He  3    =  1.9337E-02
   APPM OF H   3    =  3.3400E-01
   APPM OF H   2    =  9.0195E+02
   APPM OF H   1    =  5.3893E+05



                                               COMPOSITION  OF  MATERIAL  BY  ELEMENT
                                               --------------------------------------
0                                                             BETA                     GAMMA                     ALPHA
                      ATOMS      GRAM-ATOMS     GRAMS      CURIES-MeV      kW        CURIES-MeV      kW        CURIES-MeV      kW

    1       H       8.9260E+24   1.4822E+01   1.4963E+01   1.5175E-03   8.9960E-09   0.0000E+00   0.0000E+00   0.0000E+00   0.0000E+00
    2       He      7.6086E+24   1.2634E+01   5.0571E+01   1.7340E-52   1.0279E-57   6.2684E-55   3.7159E-60   0.0000E+00   0.0000E+00
    3       Li      1.9018E+06   3.1580E-18   2.1995E-17   3.3555E-51   1.9891E-56   1.7837E-53   1.0574E-58   1.6901E-51   1.0019E-56
    4       Be      1.1489E+06   1.9078E-18   1.8232E-17   5.8453E-20   3.4651E-25   5.5992E-43   3.3192E-48   1.4315E-44   8.4859E-50
    5       B       8.2719E+06   1.3736E-17   1.5114E-16   1.9262E-65   1.1418E-70   8.5150E-67   5.0477E-72   2.8380E-68   1.6824E-73
    6       C       2.4110E+06   4.0036E-18   5.1201E-17   3.4721E-18   2.0583E-23   5.4359E-52   3.2224E-57   0.0000E+00   0.0000E+00
    7       N       1.8282E+02   3.0358E-22   4.3830E-21   4.6275E-36   2.7432E-41   9.6182E-36   5.7017E-41  -1.8637E-56  -1.1048E-61



                                               GAMMA SPECTRUM AND ENERGIES/SECOND
                                               ----------------------------------

     NEUTRONS PER SECOND ARISING FROM SPONTANEOUS FISSION                    0.00000E+00    Entered density (g/cc)       1.00
     POWER FROM ALPHA PARTICLES (MeV per Second)                             5.29648E-34
     POWER FROM BETA  PARTICLES (MeV per Second)                             5.61487E+07
     TOTAL GAMMA POWER FROM ACTIVATION  (MeV per Second)                     6.16414E-11    Total gammas (per cc per second)      1.08009E-12
     GAMMA RAY POWER FROM ACTIVATION DECAY  MeV/s        ( 0.00- 0.01 MeV)   3.00132E-17    Gammas per group (per cc per second)  8.24966E-17
                                                         ( 0.01- 0.02 MeV)   1.28699E-44                                          1.17917E-44
                                                         ( 0.02- 0.05 MeV)   2.52698E-22                                          9.92264E-23
                                                         ( 0.05- 0.10 MeV)   5.48384E-32                                          1.00489E-32
                                                         ( 0.10- 0.20 MeV)   1.69537E-26                                          1.55334E-27
                                                         ( 0.20- 0.30 MeV)   9.29194E-26                                          5.10811E-27
                                                         ( 0.30- 0.40 MeV)   1.91562E-19                                          7.52203E-21
                                                         ( 0.40- 0.60 MeV)   2.58287E-11                                          7.09946E-13
                                                         ( 0.60- 0.80 MeV)   5.93120E-24                                          1.16450E-25
                                                         ( 0.80- 1.00 MeV)   8.11124E-20                                          1.23862E-21
                                                         ( 1.00- 1.22 MeV)   9.40039E-20                                          1.16390E-21
                                                         ( 1.22- 1.44 MeV)   3.58120E-11                                          3.70058E-13
                                                         ( 1.44- 1.66 MeV)   8.09198E-22                                          7.17491E-24
                                                         ( 1.66- 2.00 MeV)   1.62387E-20                                          1.21953E-22
                                                         ( 2.00- 2.50 MeV)   2.17860E-25                                          1.33072E-27
                                                         ( 2.50- 3.00 MeV)   7.57709E-16                                          3.78672E-18
                                                         ( 3.00- 4.00 MeV)   5.96427E-19                                          2.34198E-21
                                                         ( 4.00- 5.00 MeV)   9.80682E-21                                          2.99508E-23
                                                         ( 5.00- 6.50 MeV)   6.39239E-33                                          1.52788E-35
                                                         ( 6.50- 8.00 MeV)   6.49802E-33                                          1.23179E-35
                                                         ( 8.00-10.00 MeV)   8.95016E-44                                          1.36673E-46
                                                         (10.00-12.00 MeV)   0.00000E+00                                          0.00000E+00
                                                         (12.00-14.00 MeV)   0.00000E+00                                          0.00000E+00
                                                         (14.00-20.00 MeV)   0.00000E+00                                          0.00000E+00

    DOSE RATE (PLANE SOURCE) FROM GAMMAS WITH ENERGY 0-20 MeV IS            0.00000E+00 Sieverts/hour   ( 0.00000E+00 Rems/hour)




                                               DOMINANT NUCLIDES
                                               -----------------

      NUCLIDE   ACTIVITY    PERCENT  NUCLIDE     HEAT      PERCENT  NUCLIDE  DOSE RATE    PERCENT 
                  (Bq)      ACTIVITY             (kW)       HEAT              (Sv/hr)    DOSE RATE
       Total   9.8379E+09             Total   8.9960E-09             Total   0.0000E+00
    1  H   3   9.8379E+09  10.00E+01  H   3   8.9960E-09  10.00E+01          0.0000E+00  00.00E+00
    2  C  14   2.5966E-06  26.39E-15  C  14   2.0583E-23  22.88E-14          0.0000E+00  00.00E+00
    3  Be 10   8.5752E-09  87.17E-18  Be 10   3.4651E-25  38.52E-16          0.0000E+00  00.00E+00

      NUCLIDE  GAMMA HEAT   PERCENT  NUCLIDE   BETA HEAT   PERCENT 
                  (kW)       GAMMA               (kW)       BETA
       Total   0.0000E+00             Total   8.9960E-09
    1          0.0000E+00  00.00E+00  H   3   8.9960E-09  10.00E+01
    2          0.0000E+00  00.00E+00  C  14   2.0583E-23  22.88E-14
    3          0.0000E+00  00.00E+00  Be 10   3.4651E-25  38.52E-16
1* * * * * TIME INTERVAL  10 * * * * * COOLING TIME IS   3.1558E+07 SECS OR  1.0000E+00 YEARS * * * * * * ELAPSED TIME IS   2.000 y   * * * * * * * * *
0  TOTAL CURIES   TOTAL ALPHA   TOTAL BETA    TOTAL GAMMA
                  CURIE-MeV     CURIE-MeV     CURIE-MeV
   2.51349E-01   8.90819E-62   1.43455E-03   1.27405E-21
0  ALPHA BECQUERELS = 4.508251E-56  BETA BECQUERELS = 9.299924E+09  GAMMA BECQUERELS = 5.248018E-44
0  TOTAL ACTIVITY FOR ALL MATERIALS     9.29992E+09 Bq
                                        2.51349E-04 Ci/cc           DENSITY   1.00E+00 gm/cc
   TOTAL ACTIVITY EXCLUDING TRITIUM     1.90735E-06 Bq
                                        5.15500E-20 Ci/cc
0  TOTAL ALPHA HEAT PRODUCTION          5.28082E-67 kW
   TOTAL BETA  HEAT PRODUCTION          8.50409E-09 kW
   TOTAL GAMMA HEAT PRODUCTION          7.55263E-27 kW              TOTAL HEAT PRODUCTION 8.50409E-09 kW
0  INITIAL TOTAL MASS OF MATERIAL       7.27623E-02 kg              TOTAL HEAT EX TRITIUM 1.98523E-23 kW
0  TOTAL MASS OF MATERIAL               6.55334E-02 kg
   NEUTRON  FLUX DURING INTERVAL        0.00000E+00 n/cm**2/s
0  NUMBER OF FISSIONS                   0.00000E+00                 BURN-UP OF ACTINIDES  0.00000E+00 %
0  GAS   RATE (a decay) =  9.01650E-56 atoms per sec =  5.45310E-75 appm/sec
0  APPM OF He  4    =  4.6016E+05
   APPM OF He  3    =  3.7601E-02
   APPM OF H   3    =  3.1574E-01
   APPM OF H   2    =  9.0195E+02
   APPM OF H   1    =  5.3893E+05



                                               COMPOSITION  OF  MATERIAL  BY  ELEMENT
                                               --------------------------------------
0                                                             BETA                     GAMMA                     ALPHA
                      ATOMS      GRAM-ATOMS     GRAMS      CURIES-MeV      kW        CURIES-MeV      kW        CURIES-MeV      kW

    1       H       8.9260E+24   1.4822E+01   1.4963E+01   1.4346E-03   8.5041E-09   0.0000E+00   0.0000E+00   0.0000E+00   0.0000E+00
    2       He      7.6086E+24   1.2634E+01   5.0571E+01  -1.1785E-58  -6.9863E-64  -4.2602E-61  -2.5255E-66   0.0000E+00   0.0000E+00
    3       Li      1.9018E+06   3.1580E-18   2.1995E-17  -2.3649E-57  -1.4019E-62  -1.2572E-59  -7.4525E-65  -1.1912E-57  -7.0615E-63
    4       Be      1.1489E+06   1.9078E-18   1.8232E-17   5.8453E-20   3.4651E-25  -6.5030E-48  -3.8550E-53  -1.6626E-49  -9.8557E-55
    5       B       8.2719E+06   1.3736E-17   1.5114E-16  -2.8823E-73  -1.7087E-78  -1.2518E-74  -7.4209E-80  -4.2153E-76  -2.4988E-81
    6       C       2.4109E+06   4.0034E-18   5.1199E-17   3.4717E-18   2.0580E-23  -1.1196E-57  -6.6372E-63   0.0000E+00   0.0000E+00
    7       N       2.6476E+02   4.3965E-22   6.2883E-21  -2.3227E-39  -1.3769E-44  -4.8277E-39  -2.8619E-44   4.9408E-62   2.9290E-67



                                               GAMMA SPECTRUM AND ENERGIES/SECOND
                                               ----------------------------------

     NEUTRONS PER SECOND ARISING FROM SPONTANEOUS FISSION                    0.00000E+00    Entered density (g/cc)       1.00
     POWER FROM ALPHA PARTICLES (MeV per Second)                             3.29603E-51
     POWER FROM BETA  PARTICLES (MeV per Second)                             5.30784E+07
     TOTAL GAMMA POWER FROM ACTIVATION  (MeV per Second)                     4.71398E-11    Total gammas (per cc per second)      8.26000E-13
     GAMMA RAY POWER FROM ACTIVATION DECAY  MeV/s        ( 0.00- 0.01 MeV)   2.29505E-17    Gammas per group (per cc per second)  6.30834E-17
                                                         ( 0.01- 0.02 MeV)   6.09128E-37                                          5.58098E-37
                                                         ( 0.02- 0.05 MeV)   4.14978E-33                                          1.62949E-33
                                                         ( 0.05- 0.10 MeV)   1.10841E-43                                          2.03111E-44
                                                         ( 0.10- 0.20 MeV)   6.99251E-26                                          6.40671E-27
                                                         ( 0.20- 0.30 MeV)   5.53703E-25                                          3.04390E-26
                                                         ( 0.30- 0.40 MeV)   1.84483E-23                                          7.24406E-25
                                                         ( 0.40- 0.60 MeV)   1.97526E-11                                          5.42936E-13
                                                         ( 0.60- 0.80 MeV)   1.87542E-21                                          3.68209E-23
                                                         ( 0.80- 1.00 MeV)   1.97077E-20                                          3.00945E-22
                                                         ( 1.00- 1.22 MeV)   2.80261E-24                                          3.47003E-26
                                                         ( 1.22- 1.44 MeV)   2.73872E-11                                          2.83001E-13
                                                         ( 1.44- 1.66 MeV)   1.08310E-22                                          9.60352E-25
                                                         ( 1.66- 2.00 MeV)   3.16167E-24                                          2.37443E-26
                                                         ( 2.00- 2.50 MeV)   8.79411E-22                                          5.37159E-24
                                                         ( 2.50- 3.00 MeV)   1.00464E-25                                          5.02078E-28
                                                         ( 3.00- 4.00 MeV)   1.08136E-26                                          4.24615E-29
                                                         ( 4.00- 5.00 MeV)   3.36272E-41                                          1.02700E-43
                                                         ( 5.00- 6.50 MeV)   1.37141E-45                                          3.27787E-48
                                                         ( 6.50- 8.00 MeV)   0.00000E+00                                          0.00000E+00
                                                         ( 8.00-10.00 MeV)   0.00000E+00                                          0.00000E+00
                                                         (10.00-12.00 MeV)   0.00000E+00                                          0.00000E+00
                                                         (12.00-14.00 MeV)   0.00000E+00                                          0.00000E+00
                                                         (14.00-20.00 MeV)   0.00000E+00                                          0.00000E+00

    DOSE RATE (PLANE SOURCE) FROM GAMMAS WITH ENERGY 0-20 MeV IS            0.00000E+00 Sieverts/hour   ( 0.00000E+00 Rems/hour)




                                               DOMINANT NUCLIDES
                                               -----------------

      NUCLIDE   ACTIVITY    PERCENT  NUCLIDE     HEAT      PERCENT  NUCLIDE  DOSE RATE    PERCENT 
                  (Bq)      ACTIVITY             (kW)       HEAT              (Sv/hr)    DOSE RATE
       Total   9.2999E+09             Total   8.5041E-09             Total   0.0000E+00
    1  H   3   9.2999E+09  10.00E+01  H   3   8.5041E-09  10.00E+01          0.0000E+00  00.00E+00
    2  C  14   2.5963E-06  27.92E-15  C  14   2.0580E-23  24.20E-14          0.0000E+00  00.00E+00
    3  Be 10   8.5752E-09  92.21E-18  Be 10   3.4651E-25  40.75E-16          0.0000E+00  00.00E+00

      NUCLIDE  GAMMA HEAT   PERCENT  NUCLIDE   BETA HEAT   PERCENT 
                  (kW)       GAMMA               (kW)       BETA
       Total   0.0000E+00             Total   8.5041E-09
    1          0.0000E+00  00.00E+00  H   3   8.5041E-09  10.00E+01
    2          0.0000E+00  00.00E+00  C  14   2.0580E-23  24.20E-14
    3          0.0000E+00  00.00E+00  Be 10   3.4651E-25  40.75E-16
1* * * * * TIME INTERVAL  11 * * * * * COOLING TIME IS   2.5246E+08 SECS OR  8.0000E+00 YEARS * * * * * * ELAPSED TIME IS  10.000 y   * * * * * * * * *
0  TOTAL CURIES   TOTAL ALPHA   TOTAL BETA    TOTAL GAMMA
                  CURIE-MeV     CURIE-MeV     CURIE-MeV
   1.59371E-01   1.27721E-68   9.09592E-04   1.47055E-23
0  ALPHA BECQUERELS = 6.462399E-63  BETA BECQUERELS = 5.896717E+09  GAMMA BECQUERELS = 1.126889E-25
0  TOTAL ACTIVITY FOR ALL MATERIALS     5.89672E+09 Bq
                                        1.59371E-04 Ci/cc           DENSITY   1.00E+00 gm/cc
   TOTAL ACTIVITY EXCLUDING TRITIUM     2.86102E-06 Bq
                                        7.73249E-20 Ci/cc
0  TOTAL ALPHA HEAT PRODUCTION          7.57137E-74 kW
   TOTAL BETA  HEAT PRODUCTION          5.39211E-09 kW
   TOTAL GAMMA HEAT PRODUCTION          8.71750E-29 kW              TOTAL HEAT PRODUCTION 5.39211E-09 kW
0  INITIAL TOTAL MASS OF MATERIAL       7.27623E-02 kg              TOTAL HEAT EX TRITIUM 2.15067E-23 kW
0  TOTAL MASS OF MATERIAL               6.55334E-02 kg
   NEUTRON  FLUX DURING INTERVAL        0.00000E+00 n/cm**2/s
0  NUMBER OF FISSIONS                   0.00000E+00                 BURN-UP OF ACTINIDES  0.00000E+00 %
0  GAS   RATE (a decay) =  1.29248E-62 atoms per sec =  7.81681E-82 appm/sec
0  APPM OF He  4    =  4.6016E+05
   APPM OF He  3    =  1.5314E-01
   APPM OF H   3    =  2.0020E-01
   APPM OF H   2    =  9.0195E+02
   APPM OF H   1    =  5.3893E+05



                                               COMPOSITION  OF  MATERIAL  BY  ELEMENT
                                               --------------------------------------
0                                                             BETA                     GAMMA                     ALPHA
                      ATOMS      GRAM-ATOMS     GRAMS      CURIES-MeV      kW        CURIES-MeV      kW        CURIES-MeV      kW

    1       H       8.9260E+24   1.4822E+01   1.4963E+01   9.0959E-04   5.3921E-09   0.0000E+00   0.0000E+00   0.0000E+00   0.0000E+00
    2       He      7.6086E+24   1.2634E+01   5.0571E+01  -3.2738E-66  -1.9407E-71  -1.1834E-68  -7.0155E-74   0.0000E+00   0.0000E+00
    3       Li      1.9018E+06   3.1580E-18   2.1995E-17  -6.8125E-65  -4.0385E-70  -3.6215E-67  -2.1468E-72  -3.4314E-65  -2.0342E-70
    4       Be      1.1489E+06   1.9078E-18   1.8232E-17   5.8453E-20   3.4651E-25  -3.0871E-54  -1.8301E-59  -7.8925E-56  -4.6787E-61
    5       B       8.2719E+06   1.3736E-17   1.5114E-16  -1.7691E-82  -1.0487E-87  -7.5322E-84  -4.4651E-89  -2.5659E-85  -1.5211E-90
    6       C       2.4103E+06   4.0023E-18   5.1184E-17   3.4683E-18   2.0560E-23  -9.4257E-65  -5.5876E-70   0.0000E+00   0.0000E+00
    7       N       9.1991E+02   1.5276E-21   2.1522E-20  -4.7735E-44  -2.8298E-49  -9.9217E-44  -5.8816E-49   3.1723E-69   1.8805E-74



                                               GAMMA SPECTRUM AND ENERGIES/SECOND
                                               ----------------------------------

     NEUTRONS PER SECOND ARISING FROM SPONTANEOUS FISSION                    0.00000E+00    Entered density (g/cc)       1.00
     POWER FROM ALPHA PARTICLES (MeV per Second)                             4.72568E-58
     POWER FROM BETA  PARTICLES (MeV per Second)                             3.36549E+07
     TOTAL GAMMA POWER FROM ACTIVATION  (MeV per Second)                     5.44104E-13    Total gammas (per cc per second)      9.53399E-15
     GAMMA RAY POWER FROM ACTIVATION DECAY  MeV/s        ( 0.00- 0.01 MeV)   2.70318E-19    Gammas per group (per cc per second)  7.43017E-19
                                                         ( 0.01- 0.02 MeV)   9.40091E-30                                          8.61335E-30
                                                         ( 0.02- 0.05 MeV)   4.67828E-35                                          1.83701E-35
                                                         ( 0.05- 0.10 MeV)   2.25713E-47                                          4.13607E-48
                                                         ( 0.10- 0.20 MeV)   1.10041E-27                                          1.00822E-28
                                                         ( 0.20- 0.30 MeV)   5.73968E-27                                          3.15530E-28
                                                         ( 0.30- 0.40 MeV)   5.02952E-25                                          1.97493E-26
                                                         ( 0.40- 0.60 MeV)   2.27991E-13                                          6.26674E-15
                                                         ( 0.60- 0.80 MeV)   2.39618E-23                                          4.70451E-25
                                                         ( 0.80- 1.00 MeV)   4.67162E-19                                          7.13376E-21
                                                         ( 1.00- 1.22 MeV)   1.07656E-25                                          1.33294E-27
                                                         ( 1.22- 1.44 MeV)   3.16112E-13                                          3.26649E-15
                                                         ( 1.44- 1.66 MeV)   8.92206E-23                                          7.91092E-25
                                                         ( 1.66- 2.00 MeV)   2.82353E-25                                          2.12049E-27
                                                         ( 2.00- 2.50 MeV)   2.18414E-23                                          1.33411E-25
                                                         ( 2.50- 3.00 MeV)   3.21112E-29                                          1.60479E-31
                                                         ( 3.00- 4.00 MeV)   3.59254E-30                                          1.41067E-32
                                                         ( 4.00- 5.00 MeV)   3.46035E-46                                          1.05682E-48
                                                         ( 5.00- 6.50 MeV)   3.81856E-51                                          9.12694E-54
                                                         ( 6.50- 8.00 MeV)   0.00000E+00                                          0.00000E+00
                                                         ( 8.00-10.00 MeV)   0.00000E+00                                          0.00000E+00
                                                         (10.00-12.00 MeV)   0.00000E+00                                          0.00000E+00
                                                         (12.00-14.00 MeV)   0.00000E+00                                          0.00000E+00
                                                         (14.00-20.00 MeV)   0.00000E+00                                          0.00000E+00

    DOSE RATE (PLANE SOURCE) FROM GAMMAS WITH ENERGY 0-20 MeV IS            0.00000E+00 Sieverts/hour   ( 0.00000E+00 Rems/hour)




                                               DOMINANT NUCLIDES
                                               -----------------

      NUCLIDE   ACTIVITY    PERCENT  NUCLIDE     HEAT      PERCENT  NUCLIDE  DOSE RATE    PERCENT 
                  (Bq)      ACTIVITY             (kW)       HEAT              (Sv/hr)    DOSE RATE
       Total   5.8967E+09             Total   5.3921E-09             Total   0.0000E+00
    1  H   3   5.8967E+09  10.00E+01  H   3   5.3921E-09  10.00E+01          0.0000E+00  00.00E+00
    2  C  14   2.5938E-06  43.99E-15  C  14   2.0560E-23  38.13E-14          0.0000E+00  00.00E+00
    3  Be 10   8.5752E-09  14.54E-17  Be 10   3.4651E-25  64.26E-16          0.0000E+00  00.00E+00

      NUCLIDE  GAMMA HEAT   PERCENT  NUCLIDE   BETA HEAT   PERCENT 
                  (kW)       GAMMA               (kW)       BETA
       Total   0.0000E+00             Total   5.3921E-09
    1          0.0000E+00  00.00E+00  H   3   5.3921E-09  10.00E+01
    2          0.0000E+00  00.00E+00  C  14   2.0560E-23  38.13E-14
    3          0.0000E+00  00.00E+00  Be 10   3.4651E-25  64.26E-16
1                                                            Summary Output

0           Time       Cumulative   Activity               Dose rate             Heat output           Ingestion dose        Inhalation dose        Tritium activity
           (step)       (Years)      (Bq)                   (Sv/h)                (kW)                    (Sv)                   (Sv)                  (Bq)
 -----Irradiation Phase-----
 Irradn     2.000 y     2.00E+00   1.04E+10               1.02E-09               9.52E-09               0.00E+00               0.00E+00               1.04E+10
 -----Cooling Phase-----
 Cooling    1.000 d     2.74E-03   1.04E+10               0.00E+00               9.51E-09               0.00E+00               0.00E+00               1.04E+10
 Cooling   11.000 d     3.29E-02   1.04E+10               0.00E+00               9.50E-09               0.00E+00               0.00E+00               1.04E+10
 Cooling   18.000 d     8.21E-02   1.04E+10               0.00E+00               9.47E-09               0.00E+00               0.00E+00               1.04E+10
 Cooling   30.000 d     1.64E-01   1.03E+10               0.00E+00               9.43E-09               0.00E+00               0.00E+00               1.03E+10
 Cooling  122.625 d     5.00E-01   1.01E+10               0.00E+00               9.25E-09               0.00E+00               0.00E+00               1.01E+10
 Cooling  182.625 d     1.00E+00   9.84E+09               0.00E+00               9.00E-09               0.00E+00               0.00E+00               9.84E+09
 Cooling    1.000 y     2.00E+00   9.30E+09               0.00E+00               8.50E-09               0.00E+00               0.00E+00               9.30E+09
 Cooling    8.000 y     1.00E+01   5.90E+09               0.00E+00               5.39E-09               0.00E+00               0.00E+00               5.90E+09
0 Mass of material input =  7.2762E-02 kg.    Material density =  1.00 g/cc

  Total irradiation time =  6.311520E+07 s
  Total fluence          =  6.311520E+26 n/cm2
  Mean flux              =  1.000000E+19 n/cm2/s
  Number of on-times     =    1

fispact run time=                  0.49708     secs


 ------------------------------------------------------------------
 Files that have been opened during this run.
 ------------------------------------------------------------------
 The numbers after the unit names are the internal unit numbers.

 input( 5)       inventory.i
 collapxi(12)    collapx
 arrayx(13)      arrayx
 ind_nuc(18)     ./fispact-data/EAF2010data/eaf_index_20100
 output(38)      inventory.out
 absorp(39)      ./fispact-data/EAF2007data/eaf_abs_20070
 tab4(47)        inventory.tab4
 runlog(48)      inventory.log
 ------------------------------------------------------------------



     Run timestamp:14:12:58 22 May 2019            

     Current time: 14:12:58 22 May 2019            
